#
# There is insufficient memory for the Java Runtime Environment to continue.
# Native memory allocation (malloc) failed to allocate 151888 bytes for Chunk::new
# Possible reasons:
#   The system is out of physical RAM or swap space
#   The process is running with CompressedOops enabled, and the Java Heap may be blocking the growth of the native heap
# Possible solutions:
#   Reduce memory load on the system
#   Increase physical memory or swap space
#   Check if swap backing store is full
#   Decrease Java heap size (-Xmx/-Xms)
#   Decrease number of Java threads
#   Decrease Java thread stack sizes (-Xss)
#   Set larger code cache with -XX:ReservedCodeCacheSize=
#   JVM is running with Unscaled Compressed Oops mode in which the Java heap is
#     placed in the first 4GB address space. The Java Heap base address is the
#     maximum limit for the native heap growth. Please use -XX:HeapBaseMinAddress
#     to set the Java Heap base and to place the Java Heap above 4GB virtual address.
# This output file may be truncated or incomplete.
#
#  Out of Memory Error (arena.cpp:189), pid=1636, tid=11416
#
# JRE version: Java(TM) SE Runtime Environment (17.0.2+8) (build 17.0.2+8-LTS-86)
# Java VM: Java HotSpot(TM) 64-Bit Server VM (17.0.2+8-LTS-86, mixed mode, sharing, tiered, compressed oops, compressed class ptrs, g1 gc, windows-amd64)
# No core dump will be written. Minidumps are not enabled by default on client versions of Windows
#

---------------  S U M M A R Y ------------

Command Line: -XX:MaxMetaspaceSize=512m --add-opens=java.base/java.util=ALL-UNNAMED --add-opens=java.base/java.lang=ALL-UNNAMED --add-opens=java.base/java.lang.invoke=ALL-UNNAMED --add-opens=java.prefs/java.util.prefs=ALL-UNNAMED --add-opens=java.base/java.nio.charset=ALL-UNNAMED --add-opens=java.base/java.net=ALL-UNNAMED --add-opens=java.base/java.util.concurrent.atomic=ALL-UNNAMED -Xmx2048m -Dfile.encoding=windows-1252 -Duser.country=US -Duser.language=en -Duser.variant -javaagent:C:\Users\risha\.gradle\wrapper\dists\gradle-8.3-all\6en3ugtfdg5xnpx44z4qbwgas\gradle-8.3\lib\agents\gradle-instrumentation-agent-8.3.jar org.gradle.launcher.daemon.bootstrap.GradleDaemon 8.3

Host: Intel(R) Core(TM) i3-10110U CPU @ 2.10GHz, 4 cores, 3G,  Windows 11 , 64 bit Build 22621 (10.0.22621.2506)
Time: Thu Jan 25 19:34:24 2024 India Standard Time elapsed time: 439.485602 seconds (0d 0h 7m 19s)

---------------  T H R E A D  ---------------

Current thread (0x0000020695764650):  JavaThread "C2 CompilerThread0" daemon [_thread_in_native, id=11416, stack(0x000000d29dd00000,0x000000d29de00000)]


Current CompileTask:
C2: 439485 12309   !   4       java.util.concurrent.locks.AbstractQueuedSynchronizer::acquire (407 bytes)

Stack: [0x000000d29dd00000,0x000000d29de00000]
Native frames: (J=compiled Java code, j=interpreted, Vv=VM code, C=native code)
V  [jvm.dll+0x670baa]
V  [jvm.dll+0x7cfcb4]
V  [jvm.dll+0x7d145e]
V  [jvm.dll+0x7d1ac3]
V  [jvm.dll+0x242bc5]
V  [jvm.dll+0xaa57b]
V  [jvm.dll+0xaab0c]
V  [jvm.dll+0x11baf7]
V  [jvm.dll+0x604205]
V  [jvm.dll+0x6028d4]
V  [jvm.dll+0x215b08]
V  [jvm.dll+0x2150b1]
V  [jvm.dll+0x1a1bbd]
V  [jvm.dll+0x224908]
V  [jvm.dll+0x222a6c]
V  [jvm.dll+0x7859bb]
V  [jvm.dll+0x77ff7a]
V  [jvm.dll+0x66fa35]
C  [ucrtbase.dll+0x29363]
C  [KERNEL32.DLL+0x1257d]
C  [ntdll.dll+0x5aa58]


---------------  P R O C E S S  ---------------

Threads class SMR info:
_java_thread_list=0x00000206a000a030, length=66, elements={
0x00000206f7dcf2f0, 0x0000020695746b80, 0x0000020695747900, 0x0000020695758d20,
0x000002069575c800, 0x000002069575f0d0, 0x000002069575f990, 0x0000020695764650,
0x0000020695765bb0, 0x000002069577ce90, 0x000002069646cc20, 0x0000020696514640,
0x0000020697954ca0, 0x0000020697cb8080, 0x0000020696443f20, 0x0000020697a164d0,
0x00000206979540c0, 0x00000206975e96c0, 0x000002069659fd90, 0x0000020697b63af0,
0x0000020697b63fc0, 0x0000020697b64e30, 0x0000020697b65300, 0x0000020697b65ca0,
0x0000020697b657d0, 0x0000020697b64490, 0x0000020697b627b0, 0x0000020697b66170,
0x0000020697b63150, 0x0000020697b63620, 0x0000020697b64960, 0x0000020696ec6ba0,
0x0000020696ec4050, 0x0000020696ec7070, 0x0000020696ec5390, 0x0000020696ec7540,
0x0000020696ec5860, 0x0000020696ec6200, 0x0000020696ec66d0, 0x0000020697ec76d0,
0x0000020697ec6390, 0x0000020697ec59f0, 0x0000020697ec5ec0, 0x0000020697ec6860,
0x0000020697ec8540, 0x0000020697ec7200, 0x0000020697ec7ba0, 0x000002069ac223d0,
0x000002069ac1dba0, 0x000002069ac21560, 0x000002069ac1e070, 0x000002069ac1d200,
0x000002069ac1e540, 0x000002069ac21f00, 0x000002069ac228a0, 0x000002069ac21a30,
0x000002069ac20220, 0x000002069ac1c390, 0x000002069ac1b520, 0x000002069ac1eee0,
0x000002069ac206f0, 0x000002069ac1f880, 0x000002069ac1cd30, 0x000002069ac1f3b0,
0x000002069ac21090, 0x0000020697ec5520
}

Java Threads: ( => current thread )
  0x00000206f7dcf2f0 JavaThread "main" [_thread_blocked, id=3204, stack(0x000000d29d000000,0x000000d29d100000)]
  0x0000020695746b80 JavaThread "Reference Handler" daemon [_thread_blocked, id=15708, stack(0x000000d29d700000,0x000000d29d800000)]
  0x0000020695747900 JavaThread "Finalizer" daemon [_thread_blocked, id=3428, stack(0x000000d29d800000,0x000000d29d900000)]
  0x0000020695758d20 JavaThread "Signal Dispatcher" daemon [_thread_blocked, id=3868, stack(0x000000d29d900000,0x000000d29da00000)]
  0x000002069575c800 JavaThread "Attach Listener" daemon [_thread_blocked, id=13236, stack(0x000000d29da00000,0x000000d29db00000)]
  0x000002069575f0d0 JavaThread "Service Thread" daemon [_thread_blocked, id=6920, stack(0x000000d29db00000,0x000000d29dc00000)]
  0x000002069575f990 JavaThread "Monitor Deflation Thread" daemon [_thread_blocked, id=17256, stack(0x000000d29dc00000,0x000000d29dd00000)]
=>0x0000020695764650 JavaThread "C2 CompilerThread0" daemon [_thread_in_native, id=11416, stack(0x000000d29dd00000,0x000000d29de00000)]
  0x0000020695765bb0 JavaThread "C1 CompilerThread0" daemon [_thread_blocked, id=8972, stack(0x000000d29de00000,0x000000d29df00000)]
  0x000002069577ce90 JavaThread "Sweeper thread" daemon [_thread_blocked, id=1184, stack(0x000000d29df00000,0x000000d29e000000)]
  0x000002069646cc20 JavaThread "Common-Cleaner" daemon [_thread_blocked, id=2712, stack(0x000000d29e000000,0x000000d29e100000)]
  0x0000020696514640 JavaThread "Notification Thread" daemon [_thread_blocked, id=12788, stack(0x000000d29e100000,0x000000d29e200000)]
  0x0000020697954ca0 JavaThread "Daemon health stats" [_thread_blocked, id=12548, stack(0x000000d29e600000,0x000000d29e700000)]
  0x0000020697cb8080 JavaThread "Incoming local TCP Connector on port 55468" [_thread_in_native, id=10632, stack(0x000000d29e700000,0x000000d29e800000)]
  0x0000020696443f20 JavaThread "Daemon periodic checks" [_thread_blocked, id=6136, stack(0x000000d29e800000,0x000000d29e900000)]
  0x0000020697a164d0 JavaThread "Daemon" [_thread_blocked, id=16552, stack(0x000000d29ea00000,0x000000d29eb00000)]
  0x00000206979540c0 JavaThread "Handler for socket connection from /127.0.0.1:55468 to /127.0.0.1:55469" [_thread_in_native, id=15944, stack(0x000000d29eb00000,0x000000d29ec00000)]
  0x00000206975e96c0 JavaThread "Cancel handler" [_thread_blocked, id=10344, stack(0x000000d29ec00000,0x000000d29ed00000)]
  0x000002069659fd90 JavaThread "Daemon worker" [_thread_in_native, id=9544, stack(0x000000d29ed00000,0x000000d29ee00000)]
  0x0000020697b63af0 JavaThread "Asynchronous log dispatcher for DefaultDaemonConnection: socket connection from /127.0.0.1:55468 to /127.0.0.1:55469" [_thread_blocked, id=14552, stack(0x000000d29ee00000,0x000000d29ef00000)]
  0x0000020697b63fc0 JavaThread "Stdin handler" [_thread_blocked, id=8804, stack(0x000000d29ef00000,0x000000d29f000000)]
  0x0000020697b64e30 JavaThread "Daemon client event forwarder" [_thread_blocked, id=16848, stack(0x000000d29f000000,0x000000d29f100000)]
  0x0000020697b65300 JavaThread "Cache worker for journal cache (C:\Users\risha\.gradle\caches\journal-1)" [_thread_blocked, id=16756, stack(0x000000d29f100000,0x000000d29f200000)]
  0x0000020697b65ca0 JavaThread "File lock request listener" [_thread_in_native, id=5280, stack(0x000000d29f200000,0x000000d29f300000)]
  0x0000020697b657d0 JavaThread "Cache worker for file hash cache (C:\Users\risha\.gradle\caches\8.3\fileHashes)" [_thread_blocked, id=8240, stack(0x000000d29f400000,0x000000d29f500000)]
  0x0000020697b64490 JavaThread "File watcher server" daemon [_thread_in_native, id=4888, stack(0x000000d29f500000,0x000000d29f600000)]
  0x0000020697b627b0 JavaThread "File watcher consumer" daemon [_thread_blocked, id=11348, stack(0x000000d29f600000,0x000000d29f700000)]
  0x0000020697b66170 JavaThread "Cache worker for checksums cache (C:\Users\risha\Desktop\app\Awesome01\android\.gradle\8.3\checksums)" [_thread_blocked, id=14812, stack(0x000000d29f700000,0x000000d29f800000)]
  0x0000020697b63150 JavaThread "Cache worker for file hash cache (C:\Users\risha\Desktop\app\Awesome01\android\.gradle\8.3\fileHashes)" [_thread_blocked, id=15836, stack(0x000000d29f800000,0x000000d29f900000)]
  0x0000020697b63620 JavaThread "Cache worker for cache directory md-supplier (C:\Users\risha\.gradle\caches\8.3\md-supplier)" [_thread_blocked, id=11876, stack(0x000000d29f900000,0x000000d29fa00000)]
  0x0000020697b64960 JavaThread "Cache worker for file content cache (C:\Users\risha\.gradle\caches\8.3\fileContent)" [_thread_blocked, id=15316, stack(0x000000d29fa00000,0x000000d29fb00000)]
  0x0000020696ec6ba0 JavaThread "Cache worker for cache directory md-rule (C:\Users\risha\.gradle\caches\8.3\md-rule)" [_thread_blocked, id=8940, stack(0x000000d29fb00000,0x000000d29fc00000)]
  0x0000020696ec4050 JavaThread "Cache worker for execution history cache (C:\Users\risha\.gradle\caches\8.3\executionHistory)" [_thread_blocked, id=4764, stack(0x000000d29fc00000,0x000000d29fd00000)]
  0x0000020696ec7070 JavaThread "jar transforms" [_thread_blocked, id=10548, stack(0x000000d29fd00000,0x000000d29fe00000)]
  0x0000020696ec5390 JavaThread "jar transforms Thread 2" [_thread_blocked, id=608, stack(0x000000d29fe00000,0x000000d29ff00000)]
  0x0000020696ec7540 JavaThread "jar transforms Thread 3" [_thread_blocked, id=2120, stack(0x000000d29ff00000,0x000000d2a0000000)]
  0x0000020696ec5860 JavaThread "jar transforms Thread 4" [_thread_blocked, id=7076, stack(0x000000d2a0000000,0x000000d2a0100000)]
  0x0000020696ec6200 JavaThread "Cache worker for kotlin-dsl (C:\Users\risha\.gradle\caches\8.3\kotlin-dsl)" [_thread_blocked, id=17172, stack(0x000000d2a0100000,0x000000d2a0200000)]
  0x0000020696ec66d0 JavaThread "Unconstrained build operations" [_thread_blocked, id=10596, stack(0x000000d2a0200000,0x000000d2a0300000)]
  0x0000020697ec76d0 JavaThread "Unconstrained build operations Thread 2" [_thread_blocked, id=11888, stack(0x000000d2a0300000,0x000000d2a0400000)]
  0x0000020697ec6390 JavaThread "Cache worker for dependencies-accessors (C:\Users\risha\Desktop\app\Awesome01\android\.gradle\8.3\dependencies-accessors)" [_thread_blocked, id=14580, stack(0x000000d2a0400000,0x000000d2a0500000)]
  0x0000020697ec59f0 JavaThread "Cache worker for Build Output Cleanup Cache (C:\Users\risha\Desktop\app\Awesome01\node_modules\@react-native\gradle-plugin\.gradle\buildOutputCleanup)" [_thread_blocked, id=976, stack(0x000000d2a0700000,0x000000d2a0800000)]
  0x0000020697ec5ec0 JavaThread "Unconstrained build operations Thread 3" [_thread_blocked, id=13852, stack(0x000000d2a0800000,0x000000d2a0900000)]
  0x0000020697ec6860 JavaThread "Unconstrained build operations Thread 4" [_thread_blocked, id=15512, stack(0x000000d2a0900000,0x000000d2a0a00000)]
  0x0000020697ec8540 JavaThread "Unconstrained build operations Thread 5" [_thread_blocked, id=11728, stack(0x000000d2a0a00000,0x000000d2a0b00000)]
  0x0000020697ec7200 JavaThread "Memory manager" [_thread_blocked, id=6196, stack(0x000000d2a0b00000,0x000000d2a0c00000)]
  0x0000020697ec7ba0 JavaThread "Cache worker for Build Output Cleanup Cache (C:\Users\risha\Desktop\app\Awesome01\android\.gradle\buildOutputCleanup)" [_thread_blocked, id=6860, stack(0x000000d29cd00000,0x000000d29ce00000)]
  0x000002069ac223d0 JavaThread "Execution worker" [_thread_blocked, id=16776, stack(0x000000d2a0600000,0x000000d2a0700000)]
  0x000002069ac1dba0 JavaThread "Execution worker Thread 2" [_thread_blocked, id=4724, stack(0x000000d2a0c00000,0x000000d2a0d00000)]
  0x000002069ac21560 JavaThread "Execution worker Thread 3" [_thread_blocked, id=2188, stack(0x000000d2a0d00000,0x000000d2a0e00000)]
  0x000002069ac1e070 JavaThread "Cache worker for execution history cache (C:\Users\risha\Desktop\app\Awesome01\node_modules\@react-native\gradle-plugin\.gradle\8.3\executionHistory)" [_thread_blocked, id=4400, stack(0x000000d2a1000000,0x000000d2a1100000)]
  0x000002069ac1d200 JavaThread "File lock release action executor Thread 2" [_thread_blocked, id=588, stack(0x000000d2a1100000,0x000000d2a1200000)]
  0x000002069ac1e540 JavaThread "Unconstrained build operations Thread 6" [_thread_blocked, id=10120, stack(0x000000d2a1200000,0x000000d2a1300000)]
  0x000002069ac21f00 JavaThread "Unconstrained build operations Thread 7" [_thread_blocked, id=7144, stack(0x000000d2a1300000,0x000000d2a1400000)]
  0x000002069ac228a0 JavaThread "Unconstrained build operations Thread 8" [_thread_blocked, id=556, stack(0x000000d2a1400000,0x000000d2a1500000)]
  0x000002069ac21a30 JavaThread "Unconstrained build operations Thread 9" [_thread_blocked, id=9872, stack(0x000000d2a1500000,0x000000d2a1600000)]
  0x000002069ac20220 JavaThread "Unconstrained build operations Thread 10" [_thread_blocked, id=14200, stack(0x000000d2a1600000,0x000000d2a1700000)]
  0x000002069ac1c390 JavaThread "WorkerExecutor Queue" [_thread_blocked, id=8956, stack(0x000000d2a1700000,0x000000d2a1800000)]
  0x000002069ac1b520 JavaThread "RMI Scheduler(0)" daemon [_thread_blocked, id=12592, stack(0x000000d2a1800000,0x000000d2a1900000)]
  0x000002069ac1eee0 JavaThread "RMI RenewClean-[127.0.0.1:17241,org.jetbrains.kotlin.daemon.common.LoopbackNetworkInterface$ClientLoopbackSocketFactory@21597de7]" daemon [_thread_blocked, id=1868, stack(0x000000d2a1900000,0x000000d2a1a00000)]
  0x000002069ac206f0 JavaThread "RMI GC Daemon" daemon [_thread_blocked, id=16644, stack(0x000000d2a1a00000,0x000000d2a1b00000)]
  0x000002069ac1f880 JavaThread "RMI TCP Accept-0" daemon [_thread_in_native, id=10688, stack(0x000000d2a1b00000,0x000000d2a1c00000)]
  0x000002069ac1cd30 JavaThread "RMI Reaper" [_thread_blocked, id=9820, stack(0x000000d2a1c00000,0x000000d2a1d00000)]
  0x000002069ac1f3b0 JavaThread "Unconstrained build operations Thread 11" [_thread_blocked, id=13624, stack(0x000000d29f300000,0x000000d29f400000)]
  0x000002069ac21090 JavaThread "Unconstrained build operations Thread 12" [_thread_blocked, id=12128, stack(0x000000d2a0f00000,0x000000d2a1000000)]
  0x0000020697ec5520 JavaThread "Unconstrained build operations Thread 13" [_thread_blocked, id=7452, stack(0x000000d2a1d00000,0x000000d2a1e00000)]

Other Threads:
  0x00000206f7e8e440 VMThread "VM Thread" [stack: 0x000000d29d600000,0x000000d29d700000] [id=10908]
  0x0000020696539030 WatcherThread [stack: 0x000000d29e200000,0x000000d29e300000] [id=14936]
  0x00000206f5c3e810 GCTaskThread "GC Thread#0" [stack: 0x000000d29d100000,0x000000d29d200000] [id=9732]
  0x0000020696923740 GCTaskThread "GC Thread#1" [stack: 0x000000d29e300000,0x000000d29e400000] [id=7628]
  0x0000020696647eb0 GCTaskThread "GC Thread#2" [stack: 0x000000d29e400000,0x000000d29e500000] [id=5644]
  0x0000020696d9ce70 GCTaskThread "GC Thread#3" [stack: 0x000000d29e500000,0x000000d29e600000] [id=1448]
  0x00000206f7e19a30 ConcurrentGCThread "G1 Main Marker" [stack: 0x000000d29d200000,0x000000d29d300000] [id=2464]
  0x00000206f7e1a350 ConcurrentGCThread "G1 Conc#0" [stack: 0x000000d29d300000,0x000000d29d400000] [id=6956]
  0x00000206f7e6a8a0 ConcurrentGCThread "G1 Refine#0" [stack: 0x000000d29d400000,0x000000d29d500000] [id=5204]
  0x0000020697ce67b0 ConcurrentGCThread "G1 Refine#1" [stack: 0x000000d29e900000,0x000000d29ea00000] [id=8656]
  0x00000206f7e6b1d0 ConcurrentGCThread "G1 Service" [stack: 0x000000d29d500000,0x000000d29d600000] [id=8024]

Threads with active compile tasks:
C2 CompilerThread0   439585 12309   !   4       java.util.concurrent.locks.AbstractQueuedSynchronizer::acquire (407 bytes)

VM state: not at safepoint (normal execution)

VM Mutex/Monitor currently owned by a thread: None

Heap address: 0x0000000080000000, size: 2048 MB, Compressed Oops mode: 32-bit

CDS archive(s) mapped at: [0x0000000800000000-0x0000000800bc0000-0x0000000800bc0000), size 12320768, SharedBaseAddress: 0x0000000800000000, ArchiveRelocationMode: 0.
Compressed class space mapped at: 0x0000000800c00000-0x000000081a800000, reserved size: 432013312
Narrow klass base: 0x0000000800000000, Narrow klass shift: 0, Narrow klass range: 0x100000000

GC Precious Log:
 CPUs: 4 total, 4 available
 Memory: 3944M
 Large Page Support: Disabled
 NUMA Support: Disabled
 Compressed Oops: Enabled (32-bit)
 Heap Region Size: 1M
 Heap Min Capacity: 8M
 Heap Initial Capacity: 62M
 Heap Max Capacity: 2G
 Pre-touch: Disabled
 Parallel Workers: 4
 Concurrent Workers: 1
 Concurrent Refinement Workers: 4
 Periodic GC: Disabled

Heap:
 garbage-first heap   total 319488K, used 166829K [0x0000000080000000, 0x0000000100000000)
  region size 1024K, 77 young (78848K), 2 survivors (2048K)
 Metaspace       used 89304K, committed 90176K, reserved 503808K
  class space    used 12264K, committed 12672K, reserved 421888K

Heap Regions: E=young(eden), S=young(survivor), O=old, HS=humongous(starts), HC=humongous(continues), CS=collection set, F=free, OA=open archive, CA=closed archive, TAMS=top-at-mark-start (previous, next)
|   0|0x0000000080000000, 0x0000000080100000, 0x0000000080100000|100%| O|  |TAMS 0x0000000080100000, 0x0000000080100000| Untracked 
|   1|0x0000000080100000, 0x0000000080200000, 0x0000000080200000|100%| O|  |TAMS 0x0000000080200000, 0x0000000080200000| Untracked 
|   2|0x0000000080200000, 0x0000000080300000, 0x0000000080300000|100%|HS|  |TAMS 0x0000000080300000, 0x0000000080300000| Complete 
|   3|0x0000000080300000, 0x0000000080400000, 0x0000000080400000|100%|HC|  |TAMS 0x0000000080400000, 0x0000000080400000| Complete 
|   4|0x0000000080400000, 0x0000000080500000, 0x0000000080500000|100%|HC|  |TAMS 0x0000000080500000, 0x0000000080500000| Complete 
|   5|0x0000000080500000, 0x0000000080600000, 0x0000000080600000|100%|HC|  |TAMS 0x0000000080600000, 0x0000000080600000| Complete 
|   6|0x0000000080600000, 0x0000000080700000, 0x0000000080700000|100%| O|  |TAMS 0x0000000080700000, 0x0000000080700000| Untracked 
|   7|0x0000000080700000, 0x0000000080800000, 0x0000000080800000|100%| O|  |TAMS 0x0000000080800000, 0x0000000080800000| Untracked 
|   8|0x0000000080800000, 0x0000000080900000, 0x0000000080900000|100%| O|  |TAMS 0x0000000080900000, 0x0000000080900000| Untracked 
|   9|0x0000000080900000, 0x0000000080a00000, 0x0000000080a00000|100%| O|  |TAMS 0x0000000080a00000, 0x0000000080a00000| Untracked 
|  10|0x0000000080a00000, 0x0000000080b00000, 0x0000000080b00000|100%| O|  |TAMS 0x0000000080b00000, 0x0000000080b00000| Untracked 
|  11|0x0000000080b00000, 0x0000000080c00000, 0x0000000080c00000|100%| O|  |TAMS 0x0000000080c00000, 0x0000000080c00000| Untracked 
|  12|0x0000000080c00000, 0x0000000080d00000, 0x0000000080d00000|100%| O|  |TAMS 0x0000000080d00000, 0x0000000080d00000| Untracked 
|  13|0x0000000080d00000, 0x0000000080e00000, 0x0000000080e00000|100%| O|  |TAMS 0x0000000080e00000, 0x0000000080e00000| Untracked 
|  14|0x0000000080e00000, 0x0000000080f00000, 0x0000000080f00000|100%| O|  |TAMS 0x0000000080f00000, 0x0000000080f00000| Untracked 
|  15|0x0000000080f00000, 0x0000000081000000, 0x0000000081000000|100%| O|  |TAMS 0x0000000080f00000, 0x0000000081000000| Untracked 
|  16|0x0000000081000000, 0x0000000081100000, 0x0000000081100000|100%| O|  |TAMS 0x0000000081100000, 0x0000000081100000| Untracked 
|  17|0x0000000081100000, 0x0000000081200000, 0x0000000081200000|100%| O|  |TAMS 0x0000000081200000, 0x0000000081200000| Untracked 
|  18|0x0000000081200000, 0x0000000081300000, 0x0000000081300000|100%| O|  |TAMS 0x0000000081300000, 0x0000000081300000| Untracked 
|  19|0x0000000081300000, 0x0000000081400000, 0x0000000081400000|100%| O|  |TAMS 0x0000000081400000, 0x0000000081400000| Untracked 
|  20|0x0000000081400000, 0x0000000081500000, 0x0000000081500000|100%| O|  |TAMS 0x0000000081500000, 0x0000000081500000| Untracked 
|  21|0x0000000081500000, 0x0000000081600000, 0x0000000081600000|100%| O|  |TAMS 0x0000000081600000, 0x0000000081600000| Untracked 
|  22|0x0000000081600000, 0x0000000081700000, 0x0000000081700000|100%| O|  |TAMS 0x0000000081700000, 0x0000000081700000| Untracked 
|  23|0x0000000081700000, 0x0000000081800000, 0x0000000081800000|100%| O|  |TAMS 0x0000000081800000, 0x0000000081800000| Untracked 
|  24|0x0000000081800000, 0x0000000081900000, 0x0000000081900000|100%| O|  |TAMS 0x0000000081900000, 0x0000000081900000| Untracked 
|  25|0x0000000081900000, 0x0000000081a00000, 0x0000000081a00000|100%| O|  |TAMS 0x0000000081a00000, 0x0000000081a00000| Untracked 
|  26|0x0000000081a00000, 0x0000000081b00000, 0x0000000081b00000|100%| O|  |TAMS 0x0000000081b00000, 0x0000000081b00000| Untracked 
|  27|0x0000000081b00000, 0x0000000081c00000, 0x0000000081c00000|100%| O|  |TAMS 0x0000000081c00000, 0x0000000081c00000| Untracked 
|  28|0x0000000081c00000, 0x0000000081d00000, 0x0000000081d00000|100%| O|  |TAMS 0x0000000081d00000, 0x0000000081d00000| Untracked 
|  29|0x0000000081d00000, 0x0000000081e00000, 0x0000000081e00000|100%| O|  |TAMS 0x0000000081e00000, 0x0000000081e00000| Untracked 
|  30|0x0000000081e00000, 0x0000000081f00000, 0x0000000081f00000|100%| O|  |TAMS 0x0000000081f00000, 0x0000000081f00000| Untracked 
|  31|0x0000000081f00000, 0x0000000082000000, 0x0000000082000000|100%| O|  |TAMS 0x0000000082000000, 0x0000000082000000| Untracked 
|  32|0x0000000082000000, 0x0000000082100000, 0x0000000082100000|100%| O|  |TAMS 0x0000000082100000, 0x0000000082100000| Untracked 
|  33|0x0000000082100000, 0x0000000082200000, 0x0000000082200000|100%| O|  |TAMS 0x0000000082200000, 0x0000000082200000| Untracked 
|  34|0x0000000082200000, 0x0000000082300000, 0x0000000082300000|100%| O|  |TAMS 0x0000000082300000, 0x0000000082300000| Untracked 
|  35|0x0000000082300000, 0x0000000082400000, 0x0000000082400000|100%| O|  |TAMS 0x0000000082300000, 0x0000000082400000| Untracked 
|  36|0x0000000082400000, 0x0000000082500000, 0x0000000082500000|100%|HS|  |TAMS 0x0000000082500000, 0x0000000082500000| Complete 
|  37|0x0000000082500000, 0x0000000082600000, 0x0000000082600000|100%|HC|  |TAMS 0x0000000082600000, 0x0000000082600000| Complete 
|  38|0x0000000082600000, 0x0000000082700000, 0x0000000082700000|100%|HS|  |TAMS 0x0000000082700000, 0x0000000082700000| Complete 
|  39|0x0000000082700000, 0x0000000082800000, 0x0000000082800000|100%|HC|  |TAMS 0x0000000082800000, 0x0000000082800000| Complete 
|  40|0x0000000082800000, 0x0000000082900000, 0x0000000082900000|100%|HS|  |TAMS 0x0000000082900000, 0x0000000082900000| Complete 
|  41|0x0000000082900000, 0x0000000082a00000, 0x0000000082a00000|100%|HC|  |TAMS 0x0000000082a00000, 0x0000000082a00000| Complete 
|  42|0x0000000082a00000, 0x0000000082b00000, 0x0000000082b00000|100%|HC|  |TAMS 0x0000000082b00000, 0x0000000082b00000| Complete 
|  43|0x0000000082b00000, 0x0000000082c00000, 0x0000000082c00000|100%|HC|  |TAMS 0x0000000082c00000, 0x0000000082c00000| Complete 
|  44|0x0000000082c00000, 0x0000000082d00000, 0x0000000082d00000|100%| O|  |TAMS 0x0000000082d00000, 0x0000000082d00000| Untracked 
|  45|0x0000000082d00000, 0x0000000082e00000, 0x0000000082e00000|100%| O|  |TAMS 0x0000000082e00000, 0x0000000082e00000| Untracked 
|  46|0x0000000082e00000, 0x0000000082f00000, 0x0000000082f00000|100%| O|  |TAMS 0x0000000082f00000, 0x0000000082f00000| Untracked 
|  47|0x0000000082f00000, 0x0000000083000000, 0x0000000083000000|100%| O|  |TAMS 0x0000000083000000, 0x0000000083000000| Untracked 
|  48|0x0000000083000000, 0x0000000083100000, 0x0000000083100000|100%| O|  |TAMS 0x0000000083100000, 0x0000000083100000| Untracked 
|  49|0x0000000083100000, 0x0000000083200000, 0x0000000083200000|100%|HS|  |TAMS 0x0000000083200000, 0x0000000083200000| Complete 
|  50|0x0000000083200000, 0x0000000083300000, 0x0000000083300000|100%|HC|  |TAMS 0x0000000083300000, 0x0000000083300000| Complete 
|  51|0x0000000083300000, 0x0000000083400000, 0x0000000083400000|100%|HC|  |TAMS 0x0000000083400000, 0x0000000083400000| Complete 
|  52|0x0000000083400000, 0x0000000083500000, 0x0000000083500000|100%|HC|  |TAMS 0x0000000083500000, 0x0000000083500000| Complete 
|  53|0x0000000083500000, 0x0000000083600000, 0x0000000083600000|100%| O|  |TAMS 0x0000000083600000, 0x0000000083600000| Untracked 
|  54|0x0000000083600000, 0x0000000083700000, 0x0000000083700000|100%| O|  |TAMS 0x0000000083700000, 0x0000000083700000| Untracked 
|  55|0x0000000083700000, 0x0000000083800000, 0x0000000083800000|100%| O|  |TAMS 0x00000000837b8800, 0x0000000083800000| Untracked 
|  56|0x0000000083800000, 0x0000000083900000, 0x0000000083900000|100%| O|  |TAMS 0x0000000083800000, 0x0000000083900000| Untracked 
|  57|0x0000000083900000, 0x0000000083a00000, 0x0000000083a00000|100%| O|  |TAMS 0x0000000083900000, 0x0000000083a00000| Untracked 
|  58|0x0000000083a00000, 0x0000000083b00000, 0x0000000083b00000|100%| O|  |TAMS 0x0000000083a00000, 0x0000000083b00000| Untracked 
|  59|0x0000000083b00000, 0x0000000083c00000, 0x0000000083c00000|100%| O|  |TAMS 0x0000000083b00000, 0x0000000083c00000| Untracked 
|  60|0x0000000083c00000, 0x0000000083d00000, 0x0000000083d00000|100%| O|  |TAMS 0x0000000083c00000, 0x0000000083d00000| Untracked 
|  61|0x0000000083d00000, 0x0000000083e00000, 0x0000000083e00000|100%| O|  |TAMS 0x0000000083d00000, 0x0000000083e00000| Untracked 
|  62|0x0000000083e00000, 0x0000000083f00000, 0x0000000083f00000|100%| O|  |TAMS 0x0000000083e00000, 0x0000000083f00000| Untracked 
|  63|0x0000000083f00000, 0x0000000084000000, 0x0000000084000000|100%| O|  |TAMS 0x0000000083f00000, 0x0000000084000000| Untracked 
|  64|0x0000000084000000, 0x0000000084100000, 0x0000000084100000|100%| O|  |TAMS 0x0000000084000000, 0x0000000084100000| Untracked 
|  65|0x0000000084100000, 0x0000000084200000, 0x0000000084200000|100%| O|  |TAMS 0x0000000084100000, 0x0000000084200000| Untracked 
|  66|0x0000000084200000, 0x0000000084300000, 0x0000000084300000|100%| O|  |TAMS 0x0000000084200000, 0x0000000084300000| Untracked 
|  67|0x0000000084300000, 0x0000000084400000, 0x0000000084400000|100%| O|  |TAMS 0x0000000084300000, 0x0000000084400000| Untracked 
|  68|0x0000000084400000, 0x0000000084500000, 0x0000000084500000|100%| O|  |TAMS 0x0000000084400000, 0x0000000084500000| Untracked 
|  69|0x0000000084500000, 0x0000000084600000, 0x0000000084600000|100%|HS|  |TAMS 0x0000000084500000, 0x0000000084600000| Complete 
|  70|0x0000000084600000, 0x0000000084700000, 0x0000000084700000|100%|HS|  |TAMS 0x0000000084600000, 0x0000000084700000| Complete 
|  71|0x0000000084700000, 0x0000000084800000, 0x0000000084800000|100%|HS|  |TAMS 0x0000000084700000, 0x0000000084800000| Complete 
|  72|0x0000000084800000, 0x0000000084900000, 0x0000000084900000|100%| O|  |TAMS 0x0000000084800000, 0x0000000084900000| Untracked 
|  73|0x0000000084900000, 0x0000000084a00000, 0x0000000084a00000|100%| O|  |TAMS 0x0000000084900000, 0x0000000084a00000| Untracked 
|  74|0x0000000084a00000, 0x0000000084b00000, 0x0000000084b00000|100%| O|  |TAMS 0x0000000084a00000, 0x0000000084b00000| Untracked 
|  75|0x0000000084b00000, 0x0000000084c00000, 0x0000000084c00000|100%| O|  |TAMS 0x0000000084b00000, 0x0000000084c00000| Untracked 
|  76|0x0000000084c00000, 0x0000000084d00000, 0x0000000084d00000|100%| O|  |TAMS 0x0000000084c00000, 0x0000000084d00000| Untracked 
|  77|0x0000000084d00000, 0x0000000084e00000, 0x0000000084e00000|100%| O|  |TAMS 0x0000000084d00000, 0x0000000084d09800| Untracked 
|  78|0x0000000084e00000, 0x0000000084f00000, 0x0000000084f00000|100%|HS|  |TAMS 0x0000000084e00000, 0x0000000084e00000| Complete 
|  79|0x0000000084f00000, 0x0000000085000000, 0x0000000085000000|100%| O|  |TAMS 0x0000000084f00000, 0x0000000084f00000| Untracked 
|  80|0x0000000085000000, 0x0000000085100000, 0x0000000085100000|100%| O|  |TAMS 0x0000000085000000, 0x0000000085000000| Untracked 
|  81|0x0000000085100000, 0x0000000085200000, 0x0000000085200000|100%| O|  |TAMS 0x0000000085100000, 0x0000000085100000| Untracked 
|  82|0x0000000085200000, 0x0000000085300000, 0x0000000085300000|100%| O|  |TAMS 0x0000000085200000, 0x0000000085200000| Untracked 
|  83|0x0000000085300000, 0x0000000085400000, 0x0000000085400000|100%| O|  |TAMS 0x0000000085300000, 0x0000000085300000| Untracked 
|  84|0x0000000085400000, 0x0000000085500000, 0x0000000085500000|100%| O|  |TAMS 0x0000000085400000, 0x0000000085400000| Untracked 
|  85|0x0000000085500000, 0x0000000085600000, 0x0000000085600000|100%| O|  |TAMS 0x0000000085500000, 0x0000000085500000| Untracked 
|  86|0x0000000085600000, 0x0000000085700000, 0x0000000085700000|100%| O|  |TAMS 0x0000000085600000, 0x0000000085600000| Untracked 
|  87|0x0000000085700000, 0x000000008575e400, 0x0000000085800000| 36%| O|  |TAMS 0x0000000085700000, 0x0000000085700000| Untracked 
|  88|0x0000000085800000, 0x0000000085800000, 0x0000000085900000|  0%| F|  |TAMS 0x0000000085800000, 0x0000000085800000| Untracked 
|  89|0x0000000085900000, 0x0000000085900000, 0x0000000085a00000|  0%| F|  |TAMS 0x0000000085900000, 0x0000000085900000| Untracked 
|  90|0x0000000085a00000, 0x0000000085a00000, 0x0000000085b00000|  0%| F|  |TAMS 0x0000000085a00000, 0x0000000085a00000| Untracked 
|  91|0x0000000085b00000, 0x0000000085b00000, 0x0000000085c00000|  0%| F|  |TAMS 0x0000000085b00000, 0x0000000085b00000| Untracked 
|  92|0x0000000085c00000, 0x0000000085c00000, 0x0000000085d00000|  0%| F|  |TAMS 0x0000000085c00000, 0x0000000085c00000| Untracked 
|  93|0x0000000085d00000, 0x0000000085d00000, 0x0000000085e00000|  0%| F|  |TAMS 0x0000000085d00000, 0x0000000085d00000| Untracked 
|  94|0x0000000085e00000, 0x0000000085e00000, 0x0000000085f00000|  0%| F|  |TAMS 0x0000000085e00000, 0x0000000085e00000| Untracked 
|  95|0x0000000085f00000, 0x0000000085f00000, 0x0000000086000000|  0%| F|  |TAMS 0x0000000085f00000, 0x0000000085f00000| Untracked 
|  96|0x0000000086000000, 0x0000000086000000, 0x0000000086100000|  0%| F|  |TAMS 0x0000000086000000, 0x0000000086000000| Untracked 
|  97|0x0000000086100000, 0x0000000086100000, 0x0000000086200000|  0%| F|  |TAMS 0x0000000086100000, 0x0000000086100000| Untracked 
|  98|0x0000000086200000, 0x0000000086200000, 0x0000000086300000|  0%| F|  |TAMS 0x0000000086200000, 0x0000000086200000| Untracked 
|  99|0x0000000086300000, 0x0000000086300000, 0x0000000086400000|  0%| F|  |TAMS 0x0000000086300000, 0x0000000086300000| Untracked 
| 100|0x0000000086400000, 0x0000000086400000, 0x0000000086500000|  0%| F|  |TAMS 0x0000000086400000, 0x0000000086400000| Untracked 
| 101|0x0000000086500000, 0x0000000086500000, 0x0000000086600000|  0%| F|  |TAMS 0x0000000086500000, 0x0000000086500000| Untracked 
| 102|0x0000000086600000, 0x0000000086600000, 0x0000000086700000|  0%| F|  |TAMS 0x0000000086600000, 0x0000000086600000| Untracked 
| 103|0x0000000086700000, 0x0000000086700000, 0x0000000086800000|  0%| F|  |TAMS 0x0000000086700000, 0x0000000086700000| Untracked 
| 104|0x0000000086800000, 0x0000000086800000, 0x0000000086900000|  0%| F|  |TAMS 0x0000000086800000, 0x0000000086800000| Untracked 
| 105|0x0000000086900000, 0x0000000086900000, 0x0000000086a00000|  0%| F|  |TAMS 0x0000000086900000, 0x0000000086900000| Untracked 
| 106|0x0000000086a00000, 0x0000000086a00000, 0x0000000086b00000|  0%| F|  |TAMS 0x0000000086a00000, 0x0000000086a00000| Untracked 
| 107|0x0000000086b00000, 0x0000000086b00000, 0x0000000086c00000|  0%| F|  |TAMS 0x0000000086b00000, 0x0000000086b00000| Untracked 
| 108|0x0000000086c00000, 0x0000000086c00000, 0x0000000086d00000|  0%| F|  |TAMS 0x0000000086c00000, 0x0000000086c00000| Untracked 
| 109|0x0000000086d00000, 0x0000000086d00000, 0x0000000086e00000|  0%| F|  |TAMS 0x0000000086d00000, 0x0000000086d00000| Untracked 
| 110|0x0000000086e00000, 0x0000000086e00000, 0x0000000086f00000|  0%| F|  |TAMS 0x0000000086e00000, 0x0000000086e00000| Untracked 
| 111|0x0000000086f00000, 0x0000000086f00000, 0x0000000087000000|  0%| F|  |TAMS 0x0000000086f00000, 0x0000000086f00000| Untracked 
| 112|0x0000000087000000, 0x0000000087000000, 0x0000000087100000|  0%| F|  |TAMS 0x0000000087000000, 0x0000000087000000| Untracked 
| 113|0x0000000087100000, 0x0000000087100000, 0x0000000087200000|  0%| F|  |TAMS 0x0000000087100000, 0x0000000087100000| Untracked 
| 114|0x0000000087200000, 0x0000000087200000, 0x0000000087300000|  0%| F|  |TAMS 0x0000000087200000, 0x0000000087200000| Untracked 
| 115|0x0000000087300000, 0x0000000087300000, 0x0000000087400000|  0%| F|  |TAMS 0x0000000087300000, 0x0000000087300000| Untracked 
| 116|0x0000000087400000, 0x0000000087400000, 0x0000000087500000|  0%| F|  |TAMS 0x0000000087400000, 0x0000000087400000| Untracked 
| 117|0x0000000087500000, 0x0000000087500000, 0x0000000087600000|  0%| F|  |TAMS 0x0000000087500000, 0x0000000087500000| Untracked 
| 118|0x0000000087600000, 0x0000000087600000, 0x0000000087700000|  0%| F|  |TAMS 0x0000000087600000, 0x0000000087600000| Untracked 
| 119|0x0000000087700000, 0x0000000087700000, 0x0000000087800000|  0%| F|  |TAMS 0x0000000087700000, 0x0000000087700000| Untracked 
| 120|0x0000000087800000, 0x0000000087800000, 0x0000000087900000|  0%| F|  |TAMS 0x0000000087800000, 0x0000000087800000| Untracked 
| 121|0x0000000087900000, 0x0000000087900000, 0x0000000087a00000|  0%| F|  |TAMS 0x0000000087900000, 0x0000000087900000| Untracked 
| 122|0x0000000087a00000, 0x0000000087a00000, 0x0000000087b00000|  0%| F|  |TAMS 0x0000000087a00000, 0x0000000087a00000| Untracked 
| 123|0x0000000087b00000, 0x0000000087b00000, 0x0000000087c00000|  0%| F|  |TAMS 0x0000000087b00000, 0x0000000087b00000| Untracked 
| 124|0x0000000087c00000, 0x0000000087c00000, 0x0000000087d00000|  0%| F|  |TAMS 0x0000000087c00000, 0x0000000087c00000| Untracked 
| 125|0x0000000087d00000, 0x0000000087d00000, 0x0000000087e00000|  0%| F|  |TAMS 0x0000000087d00000, 0x0000000087d00000| Untracked 
| 126|0x0000000087e00000, 0x0000000087e00000, 0x0000000087f00000|  0%| F|  |TAMS 0x0000000087e00000, 0x0000000087e00000| Untracked 
| 127|0x0000000087f00000, 0x0000000087f00000, 0x0000000088000000|  0%| F|  |TAMS 0x0000000087f00000, 0x0000000087f00000| Untracked 
| 128|0x0000000088000000, 0x0000000088000000, 0x0000000088100000|  0%| F|  |TAMS 0x0000000088000000, 0x0000000088000000| Untracked 
| 129|0x0000000088100000, 0x0000000088100000, 0x0000000088200000|  0%| F|  |TAMS 0x0000000088100000, 0x0000000088100000| Untracked 
| 130|0x0000000088200000, 0x0000000088200000, 0x0000000088300000|  0%| F|  |TAMS 0x0000000088200000, 0x0000000088200000| Untracked 
| 131|0x0000000088300000, 0x0000000088300000, 0x0000000088400000|  0%| F|  |TAMS 0x0000000088300000, 0x0000000088300000| Untracked 
| 132|0x0000000088400000, 0x0000000088400000, 0x0000000088500000|  0%| F|  |TAMS 0x0000000088400000, 0x0000000088400000| Untracked 
| 133|0x0000000088500000, 0x0000000088500000, 0x0000000088600000|  0%| F|  |TAMS 0x0000000088500000, 0x0000000088500000| Untracked 
| 134|0x0000000088600000, 0x0000000088600000, 0x0000000088700000|  0%| F|  |TAMS 0x0000000088600000, 0x0000000088600000| Untracked 
| 135|0x0000000088700000, 0x0000000088700000, 0x0000000088800000|  0%| F|  |TAMS 0x0000000088700000, 0x0000000088700000| Untracked 
| 136|0x0000000088800000, 0x0000000088800000, 0x0000000088900000|  0%| F|  |TAMS 0x0000000088800000, 0x0000000088800000| Untracked 
| 137|0x0000000088900000, 0x0000000088900000, 0x0000000088a00000|  0%| F|  |TAMS 0x0000000088900000, 0x0000000088900000| Untracked 
| 138|0x0000000088a00000, 0x0000000088a00000, 0x0000000088b00000|  0%| F|  |TAMS 0x0000000088a00000, 0x0000000088a00000| Untracked 
| 139|0x0000000088b00000, 0x0000000088b00000, 0x0000000088c00000|  0%| F|  |TAMS 0x0000000088b00000, 0x0000000088b00000| Untracked 
| 140|0x0000000088c00000, 0x0000000088c00000, 0x0000000088d00000|  0%| F|  |TAMS 0x0000000088c00000, 0x0000000088c00000| Untracked 
| 141|0x0000000088d00000, 0x0000000088d00000, 0x0000000088e00000|  0%| F|  |TAMS 0x0000000088d00000, 0x0000000088d00000| Untracked 
| 142|0x0000000088e00000, 0x0000000088e00000, 0x0000000088f00000|  0%| F|  |TAMS 0x0000000088e00000, 0x0000000088e00000| Untracked 
| 143|0x0000000088f00000, 0x0000000088f00000, 0x0000000089000000|  0%| F|  |TAMS 0x0000000088f00000, 0x0000000088f00000| Untracked 
| 144|0x0000000089000000, 0x0000000089000000, 0x0000000089100000|  0%| F|  |TAMS 0x0000000089000000, 0x0000000089000000| Untracked 
| 145|0x0000000089100000, 0x0000000089100000, 0x0000000089200000|  0%| F|  |TAMS 0x0000000089100000, 0x0000000089100000| Untracked 
| 146|0x0000000089200000, 0x0000000089200000, 0x0000000089300000|  0%| F|  |TAMS 0x0000000089200000, 0x0000000089200000| Untracked 
| 147|0x0000000089300000, 0x0000000089300000, 0x0000000089400000|  0%| F|  |TAMS 0x0000000089300000, 0x0000000089300000| Untracked 
| 148|0x0000000089400000, 0x0000000089400000, 0x0000000089500000|  0%| F|  |TAMS 0x0000000089400000, 0x0000000089400000| Untracked 
| 149|0x0000000089500000, 0x0000000089500000, 0x0000000089600000|  0%| F|  |TAMS 0x0000000089500000, 0x0000000089500000| Untracked 
| 150|0x0000000089600000, 0x0000000089600000, 0x0000000089700000|  0%| F|  |TAMS 0x0000000089600000, 0x0000000089600000| Untracked 
| 151|0x0000000089700000, 0x0000000089700000, 0x0000000089800000|  0%| F|  |TAMS 0x0000000089700000, 0x0000000089700000| Untracked 
| 152|0x0000000089800000, 0x0000000089800000, 0x0000000089900000|  0%| F|  |TAMS 0x0000000089800000, 0x0000000089800000| Untracked 
| 153|0x0000000089900000, 0x0000000089900000, 0x0000000089a00000|  0%| F|  |TAMS 0x0000000089900000, 0x0000000089900000| Untracked 
| 154|0x0000000089a00000, 0x0000000089a00000, 0x0000000089b00000|  0%| F|  |TAMS 0x0000000089a00000, 0x0000000089a00000| Untracked 
| 155|0x0000000089b00000, 0x0000000089b00000, 0x0000000089c00000|  0%| F|  |TAMS 0x0000000089b00000, 0x0000000089b00000| Untracked 
| 156|0x0000000089c00000, 0x0000000089c00000, 0x0000000089d00000|  0%| F|  |TAMS 0x0000000089c00000, 0x0000000089c00000| Untracked 
| 157|0x0000000089d00000, 0x0000000089d00000, 0x0000000089e00000|  0%| F|  |TAMS 0x0000000089d00000, 0x0000000089d00000| Untracked 
| 158|0x0000000089e00000, 0x0000000089e00000, 0x0000000089f00000|  0%| F|  |TAMS 0x0000000089e00000, 0x0000000089e00000| Untracked 
| 159|0x0000000089f00000, 0x0000000089f00000, 0x000000008a000000|  0%| F|  |TAMS 0x0000000089f00000, 0x0000000089f00000| Untracked 
| 160|0x000000008a000000, 0x000000008a000000, 0x000000008a100000|  0%| F|  |TAMS 0x000000008a000000, 0x000000008a000000| Untracked 
| 161|0x000000008a100000, 0x000000008a100000, 0x000000008a200000|  0%| F|  |TAMS 0x000000008a100000, 0x000000008a100000| Untracked 
| 162|0x000000008a200000, 0x000000008a200000, 0x000000008a300000|  0%| F|  |TAMS 0x000000008a200000, 0x000000008a200000| Untracked 
| 163|0x000000008a300000, 0x000000008a300000, 0x000000008a400000|  0%| F|  |TAMS 0x000000008a300000, 0x000000008a300000| Untracked 
| 164|0x000000008a400000, 0x000000008a400000, 0x000000008a500000|  0%| F|  |TAMS 0x000000008a400000, 0x000000008a400000| Untracked 
| 165|0x000000008a500000, 0x000000008a500000, 0x000000008a600000|  0%| F|  |TAMS 0x000000008a500000, 0x000000008a500000| Untracked 
| 166|0x000000008a600000, 0x000000008a600000, 0x000000008a700000|  0%| F|  |TAMS 0x000000008a600000, 0x000000008a600000| Untracked 
| 167|0x000000008a700000, 0x000000008a700000, 0x000000008a800000|  0%| F|  |TAMS 0x000000008a700000, 0x000000008a700000| Untracked 
| 168|0x000000008a800000, 0x000000008a800000, 0x000000008a900000|  0%| F|  |TAMS 0x000000008a800000, 0x000000008a800000| Untracked 
| 169|0x000000008a900000, 0x000000008a900000, 0x000000008aa00000|  0%| F|  |TAMS 0x000000008a900000, 0x000000008a900000| Untracked 
| 170|0x000000008aa00000, 0x000000008aa00000, 0x000000008ab00000|  0%| F|  |TAMS 0x000000008aa00000, 0x000000008aa00000| Untracked 
| 171|0x000000008ab00000, 0x000000008ab00000, 0x000000008ac00000|  0%| F|  |TAMS 0x000000008ab00000, 0x000000008ab00000| Untracked 
| 172|0x000000008ac00000, 0x000000008ac00000, 0x000000008ad00000|  0%| F|  |TAMS 0x000000008ac00000, 0x000000008ac00000| Untracked 
| 173|0x000000008ad00000, 0x000000008ad00000, 0x000000008ae00000|  0%| F|  |TAMS 0x000000008ad00000, 0x000000008ad00000| Untracked 
| 174|0x000000008ae00000, 0x000000008ae00000, 0x000000008af00000|  0%| F|  |TAMS 0x000000008ae00000, 0x000000008ae00000| Untracked 
| 175|0x000000008af00000, 0x000000008af00000, 0x000000008b000000|  0%| F|  |TAMS 0x000000008af00000, 0x000000008af00000| Untracked 
| 176|0x000000008b000000, 0x000000008b000000, 0x000000008b100000|  0%| F|  |TAMS 0x000000008b000000, 0x000000008b000000| Untracked 
| 177|0x000000008b100000, 0x000000008b100000, 0x000000008b200000|  0%| F|  |TAMS 0x000000008b100000, 0x000000008b100000| Untracked 
| 178|0x000000008b200000, 0x000000008b200000, 0x000000008b300000|  0%| F|  |TAMS 0x000000008b200000, 0x000000008b200000| Untracked 
| 179|0x000000008b300000, 0x000000008b300000, 0x000000008b400000|  0%| F|  |TAMS 0x000000008b300000, 0x000000008b300000| Untracked 
| 180|0x000000008b400000, 0x000000008b400000, 0x000000008b500000|  0%| F|  |TAMS 0x000000008b400000, 0x000000008b400000| Untracked 
| 181|0x000000008b500000, 0x000000008b500000, 0x000000008b600000|  0%| F|  |TAMS 0x000000008b500000, 0x000000008b500000| Untracked 
| 182|0x000000008b600000, 0x000000008b600000, 0x000000008b700000|  0%| F|  |TAMS 0x000000008b600000, 0x000000008b600000| Untracked 
| 183|0x000000008b700000, 0x000000008b700000, 0x000000008b800000|  0%| F|  |TAMS 0x000000008b700000, 0x000000008b700000| Untracked 
| 184|0x000000008b800000, 0x000000008b800000, 0x000000008b900000|  0%| F|  |TAMS 0x000000008b800000, 0x000000008b800000| Untracked 
| 185|0x000000008b900000, 0x000000008b900000, 0x000000008ba00000|  0%| F|  |TAMS 0x000000008b900000, 0x000000008b900000| Untracked 
| 186|0x000000008ba00000, 0x000000008ba00000, 0x000000008bb00000|  0%| F|  |TAMS 0x000000008ba00000, 0x000000008ba00000| Untracked 
| 187|0x000000008bb00000, 0x000000008bb00000, 0x000000008bc00000|  0%| F|  |TAMS 0x000000008bb00000, 0x000000008bb00000| Untracked 
| 188|0x000000008bc00000, 0x000000008bc00000, 0x000000008bd00000|  0%| F|  |TAMS 0x000000008bc00000, 0x000000008bc00000| Untracked 
| 189|0x000000008bd00000, 0x000000008bd00000, 0x000000008be00000|  0%| F|  |TAMS 0x000000008bd00000, 0x000000008bd00000| Untracked 
| 190|0x000000008be00000, 0x000000008be00000, 0x000000008bf00000|  0%| F|  |TAMS 0x000000008be00000, 0x000000008be00000| Untracked 
| 191|0x000000008bf00000, 0x000000008bf00000, 0x000000008c000000|  0%| F|  |TAMS 0x000000008bf00000, 0x000000008bf00000| Untracked 
| 192|0x000000008c000000, 0x000000008c000000, 0x000000008c100000|  0%| F|  |TAMS 0x000000008c000000, 0x000000008c000000| Untracked 
| 193|0x000000008c100000, 0x000000008c100000, 0x000000008c200000|  0%| F|  |TAMS 0x000000008c100000, 0x000000008c100000| Untracked 
| 194|0x000000008c200000, 0x000000008c200000, 0x000000008c300000|  0%| F|  |TAMS 0x000000008c200000, 0x000000008c200000| Untracked 
| 195|0x000000008c300000, 0x000000008c300000, 0x000000008c400000|  0%| F|  |TAMS 0x000000008c300000, 0x000000008c300000| Untracked 
| 196|0x000000008c400000, 0x000000008c400000, 0x000000008c500000|  0%| F|  |TAMS 0x000000008c400000, 0x000000008c400000| Untracked 
| 197|0x000000008c500000, 0x000000008c500000, 0x000000008c600000|  0%| F|  |TAMS 0x000000008c500000, 0x000000008c500000| Untracked 
| 198|0x000000008c600000, 0x000000008c600000, 0x000000008c700000|  0%| F|  |TAMS 0x000000008c600000, 0x000000008c600000| Untracked 
| 199|0x000000008c700000, 0x000000008c700000, 0x000000008c800000|  0%| F|  |TAMS 0x000000008c700000, 0x000000008c700000| Untracked 
| 200|0x000000008c800000, 0x000000008c800000, 0x000000008c900000|  0%| F|  |TAMS 0x000000008c800000, 0x000000008c800000| Untracked 
| 201|0x000000008c900000, 0x000000008c900000, 0x000000008ca00000|  0%| F|  |TAMS 0x000000008c900000, 0x000000008c900000| Untracked 
| 202|0x000000008ca00000, 0x000000008ca00000, 0x000000008cb00000|  0%| F|  |TAMS 0x000000008ca00000, 0x000000008ca00000| Untracked 
| 203|0x000000008cb00000, 0x000000008cb00000, 0x000000008cc00000|  0%| F|  |TAMS 0x000000008cb00000, 0x000000008cb00000| Untracked 
| 204|0x000000008cc00000, 0x000000008cc00000, 0x000000008cd00000|  0%| F|  |TAMS 0x000000008cc00000, 0x000000008cc00000| Untracked 
| 205|0x000000008cd00000, 0x000000008cd00000, 0x000000008ce00000|  0%| F|  |TAMS 0x000000008cd00000, 0x000000008cd00000| Untracked 
| 206|0x000000008ce00000, 0x000000008ce00000, 0x000000008cf00000|  0%| F|  |TAMS 0x000000008ce00000, 0x000000008ce00000| Untracked 
| 207|0x000000008cf00000, 0x000000008cf00000, 0x000000008d000000|  0%| F|  |TAMS 0x000000008cf00000, 0x000000008cf00000| Untracked 
| 208|0x000000008d000000, 0x000000008d000000, 0x000000008d100000|  0%| F|  |TAMS 0x000000008d000000, 0x000000008d000000| Untracked 
| 209|0x000000008d100000, 0x000000008d100000, 0x000000008d200000|  0%| F|  |TAMS 0x000000008d100000, 0x000000008d100000| Untracked 
| 210|0x000000008d200000, 0x000000008d200000, 0x000000008d300000|  0%| F|  |TAMS 0x000000008d200000, 0x000000008d200000| Untracked 
| 211|0x000000008d300000, 0x000000008d300000, 0x000000008d400000|  0%| F|  |TAMS 0x000000008d300000, 0x000000008d300000| Untracked 
| 212|0x000000008d400000, 0x000000008d400000, 0x000000008d500000|  0%| F|  |TAMS 0x000000008d400000, 0x000000008d400000| Untracked 
| 213|0x000000008d500000, 0x000000008d500000, 0x000000008d600000|  0%| F|  |TAMS 0x000000008d500000, 0x000000008d500000| Untracked 
| 214|0x000000008d600000, 0x000000008d600000, 0x000000008d700000|  0%| F|  |TAMS 0x000000008d600000, 0x000000008d600000| Untracked 
| 215|0x000000008d700000, 0x000000008d700000, 0x000000008d800000|  0%| F|  |TAMS 0x000000008d700000, 0x000000008d700000| Untracked 
| 216|0x000000008d800000, 0x000000008d800000, 0x000000008d900000|  0%| F|  |TAMS 0x000000008d800000, 0x000000008d800000| Untracked 
| 217|0x000000008d900000, 0x000000008d900000, 0x000000008da00000|  0%| F|  |TAMS 0x000000008d900000, 0x000000008d900000| Untracked 
| 218|0x000000008da00000, 0x000000008da00000, 0x000000008db00000|  0%| F|  |TAMS 0x000000008da00000, 0x000000008da00000| Untracked 
| 219|0x000000008db00000, 0x000000008db00000, 0x000000008dc00000|  0%| F|  |TAMS 0x000000008db00000, 0x000000008db00000| Untracked 
| 220|0x000000008dc00000, 0x000000008dc00000, 0x000000008dd00000|  0%| F|  |TAMS 0x000000008dc00000, 0x000000008dc00000| Untracked 
| 221|0x000000008dd00000, 0x000000008dd00000, 0x000000008de00000|  0%| F|  |TAMS 0x000000008dd00000, 0x000000008dd00000| Untracked 
| 222|0x000000008de00000, 0x000000008de00000, 0x000000008df00000|  0%| F|  |TAMS 0x000000008de00000, 0x000000008de00000| Untracked 
| 223|0x000000008df00000, 0x000000008df00000, 0x000000008e000000|  0%| F|  |TAMS 0x000000008df00000, 0x000000008df00000| Untracked 
| 224|0x000000008e000000, 0x000000008e000000, 0x000000008e100000|  0%| F|  |TAMS 0x000000008e000000, 0x000000008e000000| Untracked 
| 225|0x000000008e100000, 0x000000008e100000, 0x000000008e200000|  0%| F|  |TAMS 0x000000008e100000, 0x000000008e100000| Untracked 
| 226|0x000000008e200000, 0x000000008e200000, 0x000000008e300000|  0%| F|  |TAMS 0x000000008e200000, 0x000000008e200000| Untracked 
| 227|0x000000008e300000, 0x000000008e300000, 0x000000008e400000|  0%| F|  |TAMS 0x000000008e300000, 0x000000008e300000| Untracked 
| 228|0x000000008e400000, 0x000000008e400000, 0x000000008e500000|  0%| F|  |TAMS 0x000000008e400000, 0x000000008e400000| Untracked 
| 229|0x000000008e500000, 0x000000008e500000, 0x000000008e600000|  0%| F|  |TAMS 0x000000008e500000, 0x000000008e500000| Untracked 
| 230|0x000000008e600000, 0x000000008e600000, 0x000000008e700000|  0%| F|  |TAMS 0x000000008e600000, 0x000000008e600000| Untracked 
| 231|0x000000008e700000, 0x000000008e700000, 0x000000008e800000|  0%| F|  |TAMS 0x000000008e700000, 0x000000008e700000| Untracked 
| 232|0x000000008e800000, 0x000000008e800000, 0x000000008e900000|  0%| F|  |TAMS 0x000000008e800000, 0x000000008e800000| Untracked 
| 233|0x000000008e900000, 0x000000008e900000, 0x000000008ea00000|  0%| F|  |TAMS 0x000000008e900000, 0x000000008e900000| Untracked 
| 234|0x000000008ea00000, 0x000000008ea00000, 0x000000008eb00000|  0%| F|  |TAMS 0x000000008ea00000, 0x000000008ea00000| Untracked 
| 235|0x000000008eb00000, 0x000000008ebd4960, 0x000000008ec00000| 83%| E|  |TAMS 0x000000008eb00000, 0x000000008eb00000| Complete 
| 236|0x000000008ec00000, 0x000000008ed00000, 0x000000008ed00000|100%| E|CS|TAMS 0x000000008ec00000, 0x000000008ec00000| Complete 
| 237|0x000000008ed00000, 0x000000008ee00000, 0x000000008ee00000|100%| E|CS|TAMS 0x000000008ed00000, 0x000000008ed00000| Complete 
| 238|0x000000008ee00000, 0x000000008ef00000, 0x000000008ef00000|100%| E|CS|TAMS 0x000000008ee00000, 0x000000008ee00000| Complete 
| 239|0x000000008ef00000, 0x000000008f000000, 0x000000008f000000|100%| E|CS|TAMS 0x000000008ef00000, 0x000000008ef00000| Complete 
| 240|0x000000008f000000, 0x000000008f100000, 0x000000008f100000|100%| E|CS|TAMS 0x000000008f000000, 0x000000008f000000| Complete 
| 241|0x000000008f100000, 0x000000008f200000, 0x000000008f200000|100%| E|CS|TAMS 0x000000008f100000, 0x000000008f100000| Complete 
| 242|0x000000008f200000, 0x000000008f300000, 0x000000008f300000|100%| E|CS|TAMS 0x000000008f200000, 0x000000008f200000| Complete 
| 243|0x000000008f300000, 0x000000008f400000, 0x000000008f400000|100%| E|CS|TAMS 0x000000008f300000, 0x000000008f300000| Complete 
| 244|0x000000008f400000, 0x000000008f500000, 0x000000008f500000|100%| E|CS|TAMS 0x000000008f400000, 0x000000008f400000| Complete 
| 245|0x000000008f500000, 0x000000008f600000, 0x000000008f600000|100%| E|CS|TAMS 0x000000008f500000, 0x000000008f500000| Complete 
| 246|0x000000008f600000, 0x000000008f700000, 0x000000008f700000|100%| E|CS|TAMS 0x000000008f600000, 0x000000008f600000| Complete 
| 247|0x000000008f700000, 0x000000008f800000, 0x000000008f800000|100%| E|CS|TAMS 0x000000008f700000, 0x000000008f700000| Complete 
| 248|0x000000008f800000, 0x000000008f900000, 0x000000008f900000|100%| E|CS|TAMS 0x000000008f800000, 0x000000008f800000| Complete 
| 249|0x000000008f900000, 0x000000008fa00000, 0x000000008fa00000|100%| E|CS|TAMS 0x000000008f900000, 0x000000008f900000| Complete 
| 250|0x000000008fa00000, 0x000000008fb00000, 0x000000008fb00000|100%| E|CS|TAMS 0x000000008fa00000, 0x000000008fa00000| Complete 
| 251|0x000000008fb00000, 0x000000008fc00000, 0x000000008fc00000|100%| E|CS|TAMS 0x000000008fb00000, 0x000000008fb00000| Complete 
| 252|0x000000008fc00000, 0x000000008fd00000, 0x000000008fd00000|100%| E|CS|TAMS 0x000000008fc00000, 0x000000008fc00000| Complete 
| 253|0x000000008fd00000, 0x000000008fe00000, 0x000000008fe00000|100%| E|CS|TAMS 0x000000008fd00000, 0x000000008fd00000| Complete 
| 254|0x000000008fe00000, 0x000000008ff00000, 0x000000008ff00000|100%| E|CS|TAMS 0x000000008fe00000, 0x000000008fe00000| Complete 
| 255|0x000000008ff00000, 0x0000000090000000, 0x0000000090000000|100%| E|CS|TAMS 0x000000008ff00000, 0x000000008ff00000| Complete 
| 256|0x0000000090000000, 0x0000000090100000, 0x0000000090100000|100%| E|CS|TAMS 0x0000000090000000, 0x0000000090000000| Complete 
| 257|0x0000000090100000, 0x0000000090200000, 0x0000000090200000|100%| E|CS|TAMS 0x0000000090100000, 0x0000000090100000| Complete 
| 258|0x0000000090200000, 0x0000000090300000, 0x0000000090300000|100%| E|CS|TAMS 0x0000000090200000, 0x0000000090200000| Complete 
| 259|0x0000000090300000, 0x0000000090400000, 0x0000000090400000|100%| E|CS|TAMS 0x0000000090300000, 0x0000000090300000| Complete 
| 260|0x0000000090400000, 0x0000000090500000, 0x0000000090500000|100%| E|CS|TAMS 0x0000000090400000, 0x0000000090400000| Complete 
| 261|0x0000000090500000, 0x0000000090600000, 0x0000000090600000|100%| E|CS|TAMS 0x0000000090500000, 0x0000000090500000| Complete 
| 262|0x0000000090600000, 0x0000000090700000, 0x0000000090700000|100%| E|CS|TAMS 0x0000000090600000, 0x0000000090600000| Complete 
| 263|0x0000000090700000, 0x0000000090800000, 0x0000000090800000|100%| E|CS|TAMS 0x0000000090700000, 0x0000000090700000| Complete 
| 264|0x0000000090800000, 0x0000000090900000, 0x0000000090900000|100%| E|CS|TAMS 0x0000000090800000, 0x0000000090800000| Complete 
| 265|0x0000000090900000, 0x0000000090a00000, 0x0000000090a00000|100%| E|CS|TAMS 0x0000000090900000, 0x0000000090900000| Complete 
| 266|0x0000000090a00000, 0x0000000090b00000, 0x0000000090b00000|100%| E|CS|TAMS 0x0000000090a00000, 0x0000000090a00000| Complete 
| 267|0x0000000090b00000, 0x0000000090c00000, 0x0000000090c00000|100%| E|CS|TAMS 0x0000000090b00000, 0x0000000090b00000| Complete 
| 268|0x0000000090c00000, 0x0000000090d00000, 0x0000000090d00000|100%| E|CS|TAMS 0x0000000090c00000, 0x0000000090c00000| Complete 
| 269|0x0000000090d00000, 0x0000000090e00000, 0x0000000090e00000|100%| E|CS|TAMS 0x0000000090d00000, 0x0000000090d00000| Complete 
| 270|0x0000000090e00000, 0x0000000090f00000, 0x0000000090f00000|100%| E|CS|TAMS 0x0000000090e00000, 0x0000000090e00000| Complete 
| 271|0x0000000090f00000, 0x0000000091000000, 0x0000000091000000|100%| E|CS|TAMS 0x0000000090f00000, 0x0000000090f00000| Complete 
| 272|0x0000000091000000, 0x0000000091100000, 0x0000000091100000|100%| E|CS|TAMS 0x0000000091000000, 0x0000000091000000| Complete 
| 273|0x0000000091100000, 0x0000000091200000, 0x0000000091200000|100%| E|CS|TAMS 0x0000000091100000, 0x0000000091100000| Complete 
| 274|0x0000000091200000, 0x0000000091300000, 0x0000000091300000|100%| E|CS|TAMS 0x0000000091200000, 0x0000000091200000| Complete 
| 275|0x0000000091300000, 0x0000000091400000, 0x0000000091400000|100%| E|CS|TAMS 0x0000000091300000, 0x0000000091300000| Complete 
| 276|0x0000000091400000, 0x0000000091500000, 0x0000000091500000|100%| E|CS|TAMS 0x0000000091400000, 0x0000000091400000| Complete 
| 277|0x0000000091500000, 0x0000000091600000, 0x0000000091600000|100%| E|CS|TAMS 0x0000000091500000, 0x0000000091500000| Complete 
| 278|0x0000000091600000, 0x0000000091700000, 0x0000000091700000|100%| E|CS|TAMS 0x0000000091600000, 0x0000000091600000| Complete 
| 279|0x0000000091700000, 0x0000000091800000, 0x0000000091800000|100%| E|CS|TAMS 0x0000000091700000, 0x0000000091700000| Complete 
| 280|0x0000000091800000, 0x0000000091900000, 0x0000000091900000|100%| E|CS|TAMS 0x0000000091800000, 0x0000000091800000| Complete 
| 281|0x0000000091900000, 0x0000000091a00000, 0x0000000091a00000|100%| E|CS|TAMS 0x0000000091900000, 0x0000000091900000| Complete 
| 282|0x0000000091a00000, 0x0000000091b00000, 0x0000000091b00000|100%| E|CS|TAMS 0x0000000091a00000, 0x0000000091a00000| Complete 
| 283|0x0000000091b00000, 0x0000000091c00000, 0x0000000091c00000|100%| E|CS|TAMS 0x0000000091b00000, 0x0000000091b00000| Complete 
| 284|0x0000000091c00000, 0x0000000091d00000, 0x0000000091d00000|100%| E|CS|TAMS 0x0000000091c00000, 0x0000000091c00000| Complete 
| 285|0x0000000091d00000, 0x0000000091e00000, 0x0000000091e00000|100%| E|CS|TAMS 0x0000000091d00000, 0x0000000091d00000| Complete 
| 286|0x0000000091e00000, 0x0000000091f00000, 0x0000000091f00000|100%| E|CS|TAMS 0x0000000091e00000, 0x0000000091e00000| Complete 
| 287|0x0000000091f00000, 0x0000000092000000, 0x0000000092000000|100%| E|CS|TAMS 0x0000000091f00000, 0x0000000091f00000| Complete 
| 288|0x0000000092000000, 0x0000000092100000, 0x0000000092100000|100%| E|CS|TAMS 0x0000000092000000, 0x0000000092000000| Complete 
| 289|0x0000000092100000, 0x0000000092200000, 0x0000000092200000|100%| E|CS|TAMS 0x0000000092100000, 0x0000000092100000| Complete 
| 290|0x0000000092200000, 0x0000000092300000, 0x0000000092300000|100%| E|CS|TAMS 0x0000000092200000, 0x0000000092200000| Complete 
| 291|0x0000000092300000, 0x0000000092400000, 0x0000000092400000|100%| E|CS|TAMS 0x0000000092300000, 0x0000000092300000| Complete 
| 292|0x0000000092400000, 0x0000000092500000, 0x0000000092500000|100%| E|CS|TAMS 0x0000000092400000, 0x0000000092400000| Complete 
| 293|0x0000000092500000, 0x0000000092600000, 0x0000000092600000|100%| E|CS|TAMS 0x0000000092500000, 0x0000000092500000| Complete 
| 294|0x0000000092600000, 0x0000000092700000, 0x0000000092700000|100%| E|CS|TAMS 0x0000000092600000, 0x0000000092600000| Complete 
| 295|0x0000000092700000, 0x0000000092800000, 0x0000000092800000|100%| E|CS|TAMS 0x0000000092700000, 0x0000000092700000| Complete 
| 296|0x0000000092800000, 0x0000000092900000, 0x0000000092900000|100%| E|CS|TAMS 0x0000000092800000, 0x0000000092800000| Complete 
| 297|0x0000000092900000, 0x0000000092a00000, 0x0000000092a00000|100%| E|CS|TAMS 0x0000000092900000, 0x0000000092900000| Complete 
| 298|0x0000000092a00000, 0x0000000092b00000, 0x0000000092b00000|100%| E|CS|TAMS 0x0000000092a00000, 0x0000000092a00000| Complete 
| 299|0x0000000092b00000, 0x0000000092b8d330, 0x0000000092c00000| 55%| S|CS|TAMS 0x0000000092b00000, 0x0000000092b00000| Complete 
| 300|0x0000000092c00000, 0x0000000092d00000, 0x0000000092d00000|100%| S|CS|TAMS 0x0000000092c00000, 0x0000000092c00000| Complete 
| 301|0x0000000092d00000, 0x0000000092e00000, 0x0000000092e00000|100%| E|CS|TAMS 0x0000000092d00000, 0x0000000092d00000| Complete 
| 302|0x0000000092e00000, 0x0000000092f00000, 0x0000000092f00000|100%| E|CS|TAMS 0x0000000092e00000, 0x0000000092e00000| Complete 
| 303|0x0000000092f00000, 0x0000000093000000, 0x0000000093000000|100%| E|CS|TAMS 0x0000000092f00000, 0x0000000092f00000| Complete 
| 304|0x0000000093000000, 0x0000000093100000, 0x0000000093100000|100%| E|CS|TAMS 0x0000000093000000, 0x0000000093000000| Complete 
| 305|0x0000000093100000, 0x0000000093200000, 0x0000000093200000|100%| E|CS|TAMS 0x0000000093100000, 0x0000000093100000| Complete 
| 306|0x0000000093200000, 0x0000000093300000, 0x0000000093300000|100%| E|CS|TAMS 0x0000000093200000, 0x0000000093200000| Complete 
| 307|0x0000000093300000, 0x0000000093400000, 0x0000000093400000|100%| E|CS|TAMS 0x0000000093300000, 0x0000000093300000| Complete 
| 308|0x0000000093400000, 0x0000000093500000, 0x0000000093500000|100%| E|CS|TAMS 0x0000000093400000, 0x0000000093400000| Complete 
| 309|0x0000000093500000, 0x0000000093600000, 0x0000000093600000|100%| E|CS|TAMS 0x0000000093500000, 0x0000000093500000| Complete 
| 310|0x0000000093600000, 0x0000000093700000, 0x0000000093700000|100%| E|CS|TAMS 0x0000000093600000, 0x0000000093600000| Complete 
| 311|0x0000000093700000, 0x0000000093800000, 0x0000000093800000|100%| E|CS|TAMS 0x0000000093700000, 0x0000000093700000| Complete 

Card table byte_map: [0x00000206ffa10000,0x00000206ffe10000] _byte_map_base: 0x00000206ff610000

Marking Bits (Prev, Next): (CMBitMap*) 0x00000206f7e09340, (CMBitMap*) 0x00000206f7e09380
 Prev Bits: [0x000002068f400000, 0x0000020691400000)
 Next Bits: [0x0000020691400000, 0x0000020693400000)

Polling page: 0x00000206f7590000

Metaspace:

Usage:
  Non-class:     75.23 MB used.
      Class:     11.98 MB used.
       Both:     87.21 MB used.

Virtual space:
  Non-class space:       80.00 MB reserved,      75.69 MB ( 95%) committed,  10 nodes.
      Class space:      412.00 MB reserved,      12.38 MB (  3%) committed,  1 nodes.
             Both:      492.00 MB reserved,      88.06 MB ( 18%) committed. 

Chunk freelists:
   Non-Class:  3.80 MB
       Class:  3.66 MB
        Both:  7.46 MB

MaxMetaspaceSize: 512.00 MB
CompressedClassSpaceSize: 412.00 MB
Initial GC threshold: 21.00 MB
Current GC threshold: 96.25 MB
CDS: on
MetaspaceReclaimPolicy: balanced
 - commit_granule_bytes: 65536.
 - commit_granule_words: 8192.
 - virtual_space_node_default_size: 1048576.
 - enlarge_chunks_in_place: 1.
 - new_chunks_are_fully_committed: 0.
 - uncommit_free_chunks: 1.
 - use_allocation_guard: 0.
 - handle_deallocations: 1.


Internal statistics:

num_allocs_failed_limit: 3.
num_arena_births: 1078.
num_arena_deaths: 0.
num_vsnodes_births: 11.
num_vsnodes_deaths: 0.
num_space_committed: 1409.
num_space_uncommitted: 0.
num_chunks_returned_to_freelist: 3.
num_chunks_taken_from_freelist: 4718.
num_chunk_merges: 3.
num_chunk_splits: 3175.
num_chunks_enlarged: 2148.
num_purges: 0.
num_inconsistent_stats: 0.

CodeHeap 'non-profiled nmethods': size=120000Kb used=7328Kb max_used=7328Kb free=112671Kb
 bounds [0x0000020687ad0000, 0x0000020688200000, 0x000002068f000000]
CodeHeap 'profiled nmethods': size=120000Kb used=21397Kb max_used=21397Kb free=98602Kb
 bounds [0x00000206805a0000, 0x0000020681a90000, 0x0000020687ad0000]
CodeHeap 'non-nmethods': size=5760Kb used=2414Kb max_used=2500Kb free=3345Kb
 bounds [0x0000020680000000, 0x0000020680290000, 0x00000206805a0000]
 total_blobs=11633 nmethods=10682 adapters=863
 compilation: enabled
              stopped_count=0, restarted_count=0
 full_count=0

Compilation events (20 events):
Event: 424.410 Thread 0x0000020695765bb0 12301       2       org.codehaus.groovy.util.SingleKeyHashMap::get (67 bytes)
Event: 424.410 Thread 0x0000020695765bb0 nmethod 12301 0x0000020681a84d10 code [0x0000020681a84ee0, 0x0000020681a851f8]
Event: 424.445 Thread 0x0000020695764650 nmethod 12295 0x00000206881e2110 code [0x00000206881e27e0, 0x00000206881e98c8]
Event: 424.445 Thread 0x0000020695764650 12296   !   4       java.lang.reflect.Executable::sharedToGenericString (255 bytes)
Event: 424.711 Thread 0x0000020695764650 nmethod 12296 0x00000206881ed190 code [0x00000206881ed880, 0x00000206881f4708]
Event: 425.504 Thread 0x0000020695765bb0 12302       3       org.gradle.internal.typeconversion.NotationParserBuilder::<init> (31 bytes)
Event: 425.508 Thread 0x0000020695765bb0 nmethod 12302 0x0000020681a85410 code [0x0000020681a855e0, 0x0000020681a85a98]
Event: 425.508 Thread 0x0000020695765bb0 12303       3       org.gradle.internal.typeconversion.NotationParserBuilder::create (93 bytes)
Event: 425.518 Thread 0x0000020695765bb0 nmethod 12303 0x0000020681a85c10 code [0x0000020681a85e60, 0x0000020681a868c8]
Event: 425.518 Thread 0x0000020695765bb0 12304       3       org.gradle.internal.typeconversion.NotationParserBuilder::wrapInErrorHandling (43 bytes)
Event: 425.518 Thread 0x0000020695765bb0 nmethod 12304 0x0000020681a86b90 code [0x0000020681a86d60, 0x0000020681a872b8]
Event: 426.188 Thread 0x0000020695765bb0 12305       3       org.gradle.internal.remote.internal.inet.MultiChoiceAddress::<init> (27 bytes)
Event: 426.189 Thread 0x0000020695765bb0 nmethod 12305 0x0000020681a87410 code [0x0000020681a875c0, 0x0000020681a87888]
Event: 426.189 Thread 0x0000020695765bb0 12306       3       org.gradle.internal.remote.internal.inet.MultiChoiceAddressSerializer::read (95 bytes)
Event: 426.191 Thread 0x0000020695765bb0 nmethod 12306 0x0000020681a87990 code [0x0000020681a87c20, 0x0000020681a88b48]
Event: 426.191 Thread 0x0000020695765bb0 12307       3       org.gradle.launcher.daemon.server.api.DaemonStateControl$State::values (10 bytes)
Event: 426.193 Thread 0x0000020695765bb0 nmethod 12307 0x0000020681a89110 code [0x0000020681a892c0, 0x0000020681a89568]
Event: 436.141 Thread 0x0000020695765bb0 12308       1       org.gradle.launcher.daemon.registry.DaemonInfo::getState (5 bytes)
Event: 436.164 Thread 0x0000020695765bb0 nmethod 12308 0x00000206881f7f90 code [0x00000206881f8120, 0x00000206881f81f8]
Event: 439.430 Thread 0x0000020695764650 12309   !   4       java.util.concurrent.locks.AbstractQueuedSynchronizer::acquire (407 bytes)

GC Heap History (20 events):
Event: 288.607 GC heap before
{Heap before GC invocations=51 (full 0):
 garbage-first heap   total 180224K, used 90212K [0x0000000080000000, 0x0000000100000000)
  region size 1024K, 26 young (26624K), 2 survivors (2048K)
 Metaspace       used 69531K, committed 70400K, reserved 487424K
  class space    used 9810K, committed 10240K, reserved 421888K
}
Event: 288.829 GC heap after
{Heap after GC invocations=52 (full 0):
 garbage-first heap   total 180224K, used 68146K [0x0000000080000000, 0x0000000100000000)
  region size 1024K, 3 young (3072K), 3 survivors (3072K)
 Metaspace       used 69531K, committed 70400K, reserved 487424K
  class space    used 9810K, committed 10240K, reserved 421888K
}
Event: 346.310 GC heap before
{Heap before GC invocations=52 (full 0):
 garbage-first heap   total 180224K, used 86578K [0x0000000080000000, 0x0000000100000000)
  region size 1024K, 22 young (22528K), 3 survivors (3072K)
 Metaspace       used 70326K, committed 71104K, reserved 487424K
  class space    used 9882K, committed 10304K, reserved 421888K
}
Event: 346.628 GC heap after
{Heap after GC invocations=53 (full 0):
 garbage-first heap   total 180224K, used 68911K [0x0000000080000000, 0x0000000100000000)
  region size 1024K, 1 young (1024K), 1 survivors (1024K)
 Metaspace       used 70326K, committed 71104K, reserved 487424K
  class space    used 9882K, committed 10304K, reserved 421888K
}
Event: 387.019 GC heap before
{Heap before GC invocations=53 (full 0):
 garbage-first heap   total 180224K, used 101679K [0x0000000080000000, 0x0000000100000000)
  region size 1024K, 34 young (34816K), 1 survivors (1024K)
 Metaspace       used 73200K, committed 73984K, reserved 487424K
  class space    used 10364K, committed 10752K, reserved 421888K
}
Event: 387.993 GC heap after
{Heap after GC invocations=54 (full 0):
 garbage-first heap   total 180224K, used 70233K [0x0000000080000000, 0x0000000100000000)
  region size 1024K, 3 young (3072K), 3 survivors (3072K)
 Metaspace       used 73200K, committed 73984K, reserved 487424K
  class space    used 10364K, committed 10752K, reserved 421888K
}
Event: 389.008 GC heap before
{Heap before GC invocations=54 (full 0):
 garbage-first heap   total 180224K, used 75353K [0x0000000080000000, 0x0000000100000000)
  region size 1024K, 8 young (8192K), 3 survivors (3072K)
 Metaspace       used 73631K, committed 74432K, reserved 487424K
  class space    used 10406K, committed 10816K, reserved 421888K
}
Event: 389.020 GC heap after
{Heap after GC invocations=55 (full 0):
 garbage-first heap   total 180224K, used 70448K [0x0000000080000000, 0x0000000100000000)
  region size 1024K, 1 young (1024K), 1 survivors (1024K)
 Metaspace       used 73631K, committed 74432K, reserved 487424K
  class space    used 10406K, committed 10816K, reserved 421888K
}
Event: 390.258 GC heap before
{Heap before GC invocations=55 (full 0):
 garbage-first heap   total 180224K, used 95024K [0x0000000080000000, 0x0000000100000000)
  region size 1024K, 25 young (25600K), 1 survivors (1024K)
 Metaspace       used 73795K, committed 74624K, reserved 487424K
  class space    used 10409K, committed 10816K, reserved 421888K
}
Event: 390.261 GC heap after
{Heap after GC invocations=56 (full 0):
 garbage-first heap   total 180224K, used 70750K [0x0000000080000000, 0x0000000100000000)
  region size 1024K, 1 young (1024K), 1 survivors (1024K)
 Metaspace       used 73795K, committed 74624K, reserved 487424K
  class space    used 10409K, committed 10816K, reserved 421888K
}
Event: 392.109 GC heap before
{Heap before GC invocations=56 (full 0):
 garbage-first heap   total 180224K, used 123998K [0x0000000080000000, 0x0000000100000000)
  region size 1024K, 49 young (50176K), 1 survivors (1024K)
 Metaspace       used 74121K, committed 74880K, reserved 487424K
  class space    used 10448K, committed 10816K, reserved 421888K
}
Event: 392.117 GC heap after
{Heap after GC invocations=57 (full 0):
 garbage-first heap   total 180224K, used 78950K [0x0000000080000000, 0x0000000100000000)
  region size 1024K, 6 young (6144K), 6 survivors (6144K)
 Metaspace       used 74121K, committed 74880K, reserved 487424K
  class space    used 10448K, committed 10816K, reserved 421888K
}
Event: 392.323 GC heap before
{Heap before GC invocations=57 (full 0):
 garbage-first heap   total 180224K, used 85094K [0x0000000080000000, 0x0000000100000000)
  region size 1024K, 12 young (12288K), 6 survivors (6144K)
 Metaspace       used 74132K, committed 74880K, reserved 487424K
  class space    used 10448K, committed 10816K, reserved 421888K
}
Event: 392.355 GC heap after
{Heap after GC invocations=58 (full 0):
 garbage-first heap   total 180224K, used 79328K [0x0000000080000000, 0x0000000100000000)
  region size 1024K, 1 young (1024K), 1 survivors (1024K)
 Metaspace       used 74132K, committed 74880K, reserved 487424K
  class space    used 10448K, committed 10816K, reserved 421888K
}
Event: 396.192 GC heap before
{Heap before GC invocations=58 (full 0):
 garbage-first heap   total 180224K, used 115168K [0x0000000080000000, 0x0000000100000000)
  region size 1024K, 37 young (37888K), 1 survivors (1024K)
 Metaspace       used 76155K, committed 76928K, reserved 495616K
  class space    used 10664K, committed 11072K, reserved 421888K
}
Event: 396.284 GC heap after
{Heap after GC invocations=59 (full 0):
 garbage-first heap   total 319488K, used 80710K [0x0000000080000000, 0x0000000100000000)
  region size 1024K, 2 young (2048K), 2 survivors (2048K)
 Metaspace       used 76155K, committed 76928K, reserved 495616K
  class space    used 10664K, committed 11072K, reserved 421888K
}
Event: 406.660 GC heap before
{Heap before GC invocations=59 (full 0):
 garbage-first heap   total 319488K, used 193350K [0x0000000080000000, 0x0000000100000000)
  region size 1024K, 106 young (108544K), 2 survivors (2048K)
 Metaspace       used 84948K, committed 85824K, reserved 503808K
  class space    used 11681K, committed 12096K, reserved 421888K
}
Event: 406.821 GC heap after
{Heap after GC invocations=60 (full 0):
 garbage-first heap   total 319488K, used 89790K [0x0000000080000000, 0x0000000100000000)
  region size 1024K, 10 young (10240K), 10 survivors (10240K)
 Metaspace       used 84948K, committed 85824K, reserved 503808K
  class space    used 11681K, committed 12096K, reserved 421888K
}
Event: 409.746 GC heap before
{Heap before GC invocations=60 (full 0):
 garbage-first heap   total 319488K, used 101054K [0x0000000080000000, 0x0000000100000000)
  region size 1024K, 21 young (21504K), 10 survivors (10240K)
 Metaspace       used 85769K, committed 86592K, reserved 503808K
  class space    used 11781K, committed 12160K, reserved 421888K
}
Event: 409.899 GC heap after
{Heap after GC invocations=61 (full 0):
 garbage-first heap   total 319488K, used 91053K [0x0000000080000000, 0x0000000100000000)
  region size 1024K, 2 young (2048K), 2 survivors (2048K)
 Metaspace       used 85769K, committed 86592K, reserved 503808K
  class space    used 11781K, committed 12160K, reserved 421888K
}

Deoptimization events (20 events):
Event: 421.543 Thread 0x000002069659fd90 DEOPT PACKING pc=0x00000206881677b4 sp=0x000000d29edf6340
Event: 421.543 Thread 0x000002069659fd90 DEOPT UNPACKING pc=0x00000206800523a3 sp=0x000000d29edf62e0 mode 2
Event: 421.560 Thread 0x000002069659fd90 Uncommon trap: trap_request=0xffffffc6 fr.pc=0x00000206881677b4 relative=0x0000000000000554
Event: 421.560 Thread 0x000002069659fd90 Uncommon trap: reason=bimorphic_or_optimized_type_check action=maybe_recompile pc=0x00000206881677b4 method=org.codehaus.groovy.util.SingleKeyHashMap.get(Ljava/lang/Object;)Ljava/lang/Object; @ 1 c2
Event: 421.561 Thread 0x000002069659fd90 DEOPT PACKING pc=0x00000206881677b4 sp=0x000000d29edf6340
Event: 421.561 Thread 0x000002069659fd90 DEOPT UNPACKING pc=0x00000206800523a3 sp=0x000000d29edf62e0 mode 2
Event: 423.746 Thread 0x000002069659fd90 Uncommon trap: trap_request=0xffffff45 fr.pc=0x00000206881cc990 relative=0x0000000000007870
Event: 423.746 Thread 0x000002069659fd90 Uncommon trap: reason=unstable_if action=reinterpret pc=0x00000206881cc990 method=org.codehaus.groovy.runtime.metaclass.MetaMethodIndex.isOverridden(Lgroovy/lang/MetaMethod;Lgroovy/lang/MetaMethod;)Z @ 52 c2
Event: 423.746 Thread 0x000002069659fd90 DEOPT PACKING pc=0x00000206881cc990 sp=0x000000d29edf4850
Event: 423.746 Thread 0x000002069659fd90 DEOPT UNPACKING pc=0x00000206800523a3 sp=0x000000d29edf4798 mode 2
Event: 424.324 Thread 0x000002069659fd90 Uncommon trap: trap_request=0xffffffc6 fr.pc=0x00000206881677b4 relative=0x0000000000000554
Event: 424.324 Thread 0x000002069659fd90 Uncommon trap: reason=bimorphic_or_optimized_type_check action=maybe_recompile pc=0x00000206881677b4 method=org.codehaus.groovy.util.SingleKeyHashMap.get(Ljava/lang/Object;)Ljava/lang/Object; @ 1 c2
Event: 424.324 Thread 0x000002069659fd90 DEOPT PACKING pc=0x00000206881677b4 sp=0x000000d29edf4c60
Event: 424.324 Thread 0x000002069659fd90 DEOPT UNPACKING pc=0x00000206800523a3 sp=0x000000d29edf4c00 mode 2
Event: 424.324 Thread 0x000002069659fd90 Uncommon trap: trap_request=0xffffffc6 fr.pc=0x00000206881677b4 relative=0x0000000000000554
Event: 424.324 Thread 0x000002069659fd90 Uncommon trap: reason=bimorphic_or_optimized_type_check action=maybe_recompile pc=0x00000206881677b4 method=org.codehaus.groovy.util.SingleKeyHashMap.get(Ljava/lang/Object;)Ljava/lang/Object; @ 1 c2
Event: 424.324 Thread 0x000002069659fd90 DEOPT PACKING pc=0x00000206881677b4 sp=0x000000d29edf49a0
Event: 424.324 Thread 0x000002069659fd90 DEOPT UNPACKING pc=0x00000206800523a3 sp=0x000000d29edf4940 mode 2
Event: 424.933 Thread 0x000002069659fd90 DEOPT PACKING pc=0x0000020681a32a9d sp=0x000000d29edf9980
Event: 424.933 Thread 0x000002069659fd90 DEOPT UNPACKING pc=0x0000020680052b43 sp=0x000000d29edf8ea8 mode 0

Classes unloaded (0 events):
No events

Classes redefined (0 events):
No events

Internal exceptions (20 events):
Event: 422.706 Thread 0x000002069659fd90 Exception <a 'java/lang/ClassNotFoundException'{0x000000008f5595b8}: com/android/build/gradle/internal/dsl/SigningConfigBeanInfo> (0x000000008f5595b8) 
thrown [t:\workspace\open\src\hotspot\share\classfile\systemDictionary.cpp, line 256]
Event: 422.709 Thread 0x000002069659fd90 Exception <a 'java/lang/ClassNotFoundException'{0x000000008f566d40}: com/android/builder/signing/DefaultSigningConfigBeanInfo> (0x000000008f566d40) 
thrown [t:\workspace\open\src\hotspot\share\classfile\systemDictionary.cpp, line 256]
Event: 422.710 Thread 0x000002069659fd90 Exception <a 'java/lang/ClassNotFoundException'{0x000000008f5744e8}: com/android/builder/signing/DefaultSigningConfigCustomizer> (0x000000008f5744e8) 
thrown [t:\workspace\open\src\hotspot\share\classfile\systemDictionary.cpp, line 256]
Event: 422.713 Thread 0x000002069659fd90 Exception <a 'java/lang/ClassNotFoundException'{0x000000008f599d20}: com/android/build/gradle/internal/dsl/SigningConfigCustomizer> (0x000000008f599d20) 
thrown [t:\workspace\open\src\hotspot\share\classfile\systemDictionary.cpp, line 256]
Event: 422.721 Thread 0x000002069659fd90 Exception <a 'java/lang/ClassNotFoundException'{0x000000008f5af710}: com/android/build/gradle/internal/dsl/SigningConfig$AgpDecoratedCustomizer> (0x000000008f5af710) 
thrown [t:\workspace\open\src\hotspot\share\classfile\systemDictionary.cpp, line 256]
Event: 422.724 Thread 0x000002069659fd90 Exception <a 'java/lang/ClassNotFoundException'{0x000000008f5e1380}: com/android/build/gradle/internal/dsl/SigningConfig$AgpDecorated_DecoratedCustomizer> (0x000000008f5e1380) 
thrown [t:\workspace\open\src\hotspot\share\classfile\systemDictionary.cpp, line 256]
Event: 422.846 Thread 0x000002069659fd90 Exception <a 'java/lang/ClassNotFoundException'{0x000000008f449080}: build_3p4z4z4p8bs1zz1we4werv1i1$_run_closure2$_closure5BeanInfo> (0x000000008f449080) 
thrown [t:\workspace\open\src\hotspot\share\classfile\systemDictionary.cpp, line 256]
Event: 422.888 Thread 0x000002069659fd90 Exception <a 'java/lang/ClassNotFoundException'{0x000000008f4538c8}: build_3p4z4z4p8bs1zz1we4werv1i1$_run_closure2$_closure5Customizer> (0x000000008f4538c8) 
thrown [t:\workspace\open\src\hotspot\share\classfile\systemDictionary.cpp, line 256]
Event: 423.002 Thread 0x000002069659fd90 Exception <a 'java/lang/ClassNotFoundException'{0x000000008f4777e8}: build_3p4z4z4p8bs1zz1we4werv1i1$_run_closure2BeanInfo> (0x000000008f4777e8) 
thrown [t:\workspace\open\src\hotspot\share\classfile\systemDictionary.cpp, line 256]
Event: 423.028 Thread 0x000002069659fd90 Exception <a 'java/lang/ClassNotFoundException'{0x000000008f483198}: build_3p4z4z4p8bs1zz1we4werv1i1$_run_closure2Customizer> (0x000000008f483198) 
thrown [t:\workspace\open\src\hotspot\share\classfile\systemDictionary.cpp, line 256]
Event: 423.819 Thread 0x000002069659fd90 Exception <a 'java/lang/ClassNotFoundException'{0x000000008ee915a8}: com/android/build/gradle/internal/dsl/BuildType$AgpDecorated_DecoratedBeanInfo> (0x000000008ee915a8) 
thrown [t:\workspace\open\src\hotspot\share\classfile\systemDictionary.cpp, line 256]
Event: 423.854 Thread 0x000002069659fd90 Exception <a 'java/lang/ClassNotFoundException'{0x000000008ee9ef58}: com/android/build/gradle/internal/dsl/BuildType$AgpDecoratedBeanInfo> (0x000000008ee9ef58) 
thrown [t:\workspace\open\src\hotspot\share\classfile\systemDictionary.cpp, line 256]
Event: 423.879 Thread 0x000002069659fd90 Exception <a 'java/lang/ClassNotFoundException'{0x000000008eeac798}: com/android/build/gradle/internal/dsl/BuildTypeBeanInfo> (0x000000008eeac798) 
thrown [t:\workspace\open\src\hotspot\share\classfile\systemDictionary.cpp, line 256]
Event: 423.894 Thread 0x000002069659fd90 Exception <a 'java/lang/ClassNotFoundException'{0x000000008eeb9db0}: com/android/builder/core/AbstractBuildTypeBeanInfo> (0x000000008eeb9db0) 
thrown [t:\workspace\open\src\hotspot\share\classfile\systemDictionary.cpp, line 256]
Event: 423.938 Thread 0x000002069659fd90 Exception <a 'java/lang/ClassNotFoundException'{0x000000008eec73b8}: com/android/builder/core/AbstractBuildTypeCustomizer> (0x000000008eec73b8) 
thrown [t:\workspace\open\src\hotspot\share\classfile\systemDictionary.cpp, line 256]
Event: 423.960 Thread 0x000002069659fd90 Exception <a 'java/lang/ClassNotFoundException'{0x000000008eef1410}: com/android/build/gradle/internal/dsl/BuildTypeCustomizer> (0x000000008eef1410) 
thrown [t:\workspace\open\src\hotspot\share\classfile\systemDictionary.cpp, line 256]
Event: 424.043 Thread 0x000002069659fd90 Exception <a 'java/lang/ClassNotFoundException'{0x000000008ed7b350}: com/android/build/gradle/internal/dsl/BuildType$AgpDecoratedCustomizer> (0x000000008ed7b350) 
thrown [t:\workspace\open\src\hotspot\share\classfile\systemDictionary.cpp, line 256]
Event: 424.069 Thread 0x000002069659fd90 Exception <a 'java/lang/ClassNotFoundException'{0x000000008edce790}: com/android/build/gradle/internal/dsl/BuildType$AgpDecorated_DecoratedCustomizer> (0x000000008edce790) 
thrown [t:\workspace\open\src\hotspot\share\classfile\systemDictionary.cpp, line 256]
Event: 424.369 Thread 0x000002069659fd90 Exception <a 'java/lang/ClassNotFoundException'{0x000000008ecbaf10}: build_3p4z4z4p8bs1zz1we4werv1i1$_run_closure2$_closure6BeanInfo> (0x000000008ecbaf10) 
thrown [t:\workspace\open\src\hotspot\share\classfile\systemDictionary.cpp, line 256]
Event: 424.386 Thread 0x000002069659fd90 Exception <a 'java/lang/ClassNotFoundException'{0x000000008ecc5758}: build_3p4z4z4p8bs1zz1we4werv1i1$_run_closure2$_closure6Customizer> (0x000000008ecc5758) 
thrown [t:\workspace\open\src\hotspot\share\classfile\systemDictionary.cpp, line 256]

VM Operations (20 events):
Event: 417.059 Executing VM operation: ICBufferFull
Event: 417.059 Executing VM operation: ICBufferFull done
Event: 418.061 Executing VM operation: Cleanup
Event: 418.076 Executing VM operation: Cleanup done
Event: 419.087 Executing VM operation: Cleanup
Event: 419.103 Executing VM operation: Cleanup done
Event: 420.116 Executing VM operation: Cleanup
Event: 420.178 Executing VM operation: Cleanup done
Event: 421.192 Executing VM operation: Cleanup
Event: 421.207 Executing VM operation: Cleanup done
Event: 422.221 Executing VM operation: Cleanup
Event: 422.237 Executing VM operation: Cleanup done
Event: 423.249 Executing VM operation: Cleanup
Event: 423.281 Executing VM operation: Cleanup done
Event: 424.295 Executing VM operation: Cleanup
Event: 424.321 Executing VM operation: Cleanup done
Event: 425.328 Executing VM operation: Cleanup
Event: 425.329 Executing VM operation: Cleanup done
Event: 426.333 Executing VM operation: Cleanup
Event: 426.334 Executing VM operation: Cleanup done

Events (20 events):
Event: 403.639 loading class java/util/jar/JarVerifier$VerifierStream
Event: 403.639 loading class java/util/jar/JarVerifier$VerifierStream done
Event: 403.640 loading class sun/security/util/ManifestEntryVerifier$SunProviderHolder
Event: 403.640 loading class sun/security/util/ManifestEntryVerifier$SunProviderHolder done
Event: 404.213 loading class java/security/KeyStore$ProtectionParameter
Event: 404.213 loading class java/security/KeyStore$ProtectionParameter done
Event: 404.647 Thread 0x000002069ac1fd50 Thread exited: 0x000002069ac1fd50
Event: 405.090 Thread 0x000002069ac1b9f0 Thread exited: 0x000002069ac1b9f0
Event: 408.219 loading class java/security/KeyStore
Event: 408.248 loading class java/security/KeyStore done
Event: 408.251 loading class java/security/KeyStore$1
Event: 408.253 loading class java/security/KeyStore$1 done
Event: 411.100 loading class javax/xml/stream/XMLStreamException
Event: 411.146 loading class javax/xml/stream/XMLStreamException done
Event: 411.395 loading class sun/reflect/annotation/AnnotationInvocationHandler$1
Event: 411.399 loading class sun/reflect/annotation/AnnotationInvocationHandler$1 done
Event: 416.774 loading class java/util/regex/Pattern$Pos
Event: 416.780 loading class java/util/regex/Pattern$Pos done
Event: 421.438 loading class java/beans/IntrospectionException
Event: 421.459 loading class java/beans/IntrospectionException done


Dynamic libraries:
0x00007ff7ed330000 - 0x00007ff7ed340000 	C:\Program Files\Java\jdk-17.0.2\bin\java.exe
0x00007ffefcdf0000 - 0x00007ffefd007000 	C:\WINDOWS\SYSTEM32\ntdll.dll
0x00007ffefbb20000 - 0x00007ffefbbe4000 	C:\WINDOWS\System32\KERNEL32.DLL
0x00007ffefa1e0000 - 0x00007ffefa586000 	C:\WINDOWS\System32\KERNELBASE.dll
0x00007ffefa750000 - 0x00007ffefa861000 	C:\WINDOWS\System32\ucrtbase.dll
0x00007ffee2990000 - 0x00007ffee29a8000 	C:\Program Files\Java\jdk-17.0.2\bin\jli.dll
0x00007ffefba60000 - 0x00007ffefbb13000 	C:\WINDOWS\System32\ADVAPI32.dll
0x00007ffefc340000 - 0x00007ffefc3e7000 	C:\WINDOWS\System32\msvcrt.dll
0x00007ffefc1b0000 - 0x00007ffefc258000 	C:\WINDOWS\System32\sechost.dll
0x00007ffefaa50000 - 0x00007ffefaa78000 	C:\WINDOWS\System32\bcrypt.dll
0x00007ffefc410000 - 0x00007ffefc527000 	C:\WINDOWS\System32\RPCRT4.dll
0x00007ffefca40000 - 0x00007ffefcbee000 	C:\WINDOWS\System32\USER32.dll
0x00007ffefa1b0000 - 0x00007ffefa1d6000 	C:\WINDOWS\System32\win32u.dll
0x00007ffefc120000 - 0x00007ffefc149000 	C:\WINDOWS\System32\GDI32.dll
0x00007ffee2970000 - 0x00007ffee298a000 	C:\Program Files\Java\jdk-17.0.2\bin\VCRUNTIME140.dll
0x00007ffefa590000 - 0x00007ffefa6a8000 	C:\WINDOWS\System32\gdi32full.dll
0x00007ffefa6b0000 - 0x00007ffefa74a000 	C:\WINDOWS\System32\msvcp_win.dll
0x00007ffef1c90000 - 0x00007ffef1c9a000 	C:\WINDOWS\SYSTEM32\VERSION.dll
0x00007ffee7240000 - 0x00007ffee74d3000 	C:\WINDOWS\WinSxS\amd64_microsoft.windows.common-controls_6595b64144ccf1df_6.0.22621.2506_none_270c5ae97388e100\COMCTL32.dll
0x00007ffefac50000 - 0x00007ffefac81000 	C:\WINDOWS\System32\IMM32.DLL
0x00007ffeef110000 - 0x00007ffeef11c000 	C:\Program Files\Java\jdk-17.0.2\bin\vcruntime140_1.dll
0x00007ffee1720000 - 0x00007ffee17ad000 	C:\Program Files\Java\jdk-17.0.2\bin\msvcp140.dll
0x00007ffea4090000 - 0x00007ffea4c51000 	C:\Program Files\Java\jdk-17.0.2\bin\server\jvm.dll
0x00007ffefbbf0000 - 0x00007ffefbbf8000 	C:\WINDOWS\System32\PSAPI.DLL
0x00007ffeef0b0000 - 0x00007ffeef0b9000 	C:\WINDOWS\SYSTEM32\WSOCK32.dll
0x00007ffefbc00000 - 0x00007ffefbc71000 	C:\WINDOWS\System32\WS2_32.dll
0x00007ffef0640000 - 0x00007ffef0674000 	C:\WINDOWS\SYSTEM32\WINMM.dll
0x00007ffef9130000 - 0x00007ffef9148000 	C:\WINDOWS\SYSTEM32\kernel.appcore.dll
0x00007ffeeaea0000 - 0x00007ffeeaeaa000 	C:\Program Files\Java\jdk-17.0.2\bin\jimage.dll
0x00007ffef5270000 - 0x00007ffef54a3000 	C:\WINDOWS\SYSTEM32\DBGHELP.DLL
0x00007ffefb650000 - 0x00007ffefb9d9000 	C:\WINDOWS\System32\combase.dll
0x00007ffefc260000 - 0x00007ffefc337000 	C:\WINDOWS\System32\OLEAUT32.dll
0x00007ffed9640000 - 0x00007ffed9672000 	C:\WINDOWS\SYSTEM32\dbgcore.DLL
0x00007ffefa130000 - 0x00007ffefa1aa000 	C:\WINDOWS\System32\bcryptPrimitives.dll
0x00007ffee9f60000 - 0x00007ffee9f6e000 	C:\Program Files\Java\jdk-17.0.2\bin\instrument.dll
0x00007ffee2940000 - 0x00007ffee2965000 	C:\Program Files\Java\jdk-17.0.2\bin\java.dll
0x00007ffedce90000 - 0x00007ffedcf66000 	C:\Program Files\Java\jdk-17.0.2\bin\jsvml.dll
0x00007ffefad80000 - 0x00007ffefb5da000 	C:\WINDOWS\System32\SHELL32.dll
0x00007ffef8030000 - 0x00007ffef8926000 	C:\WINDOWS\SYSTEM32\windows.storage.dll
0x00007ffef7ef0000 - 0x00007ffef802e000 	C:\WINDOWS\SYSTEM32\wintypes.dll
0x00007ffefab40000 - 0x00007ffefac33000 	C:\WINDOWS\System32\SHCORE.dll
0x00007ffefba00000 - 0x00007ffefba5e000 	C:\WINDOWS\System32\shlwapi.dll
0x00007ffefa060000 - 0x00007ffefa086000 	C:\WINDOWS\SYSTEM32\profapi.dll
0x00007ffee1630000 - 0x00007ffee1648000 	C:\Program Files\Java\jdk-17.0.2\bin\zip.dll
0x00007ffee1670000 - 0x00007ffee1689000 	C:\Program Files\Java\jdk-17.0.2\bin\net.dll
0x00007ffef1270000 - 0x00007ffef13a7000 	C:\WINDOWS\SYSTEM32\WINHTTP.dll
0x00007ffef95e0000 - 0x00007ffef9649000 	C:\WINDOWS\system32\mswsock.dll
0x00007ffee1650000 - 0x00007ffee1666000 	C:\Program Files\Java\jdk-17.0.2\bin\nio.dll
0x00007ffeeaef0000 - 0x00007ffeeaf00000 	C:\Program Files\Java\jdk-17.0.2\bin\verify.dll
0x00007ffeea350000 - 0x00007ffeea377000 	C:\Users\risha\.gradle\native\68d5fa5c4cc2d200863cafc0d521ce42e7d3e7ee720ec0a83991735586a16f82\windows-amd64\native-platform.dll
0x00007ffedcd40000 - 0x00007ffedce84000 	C:\Users\risha\.gradle\native\e376f236ea51e6404a007f0833ffe2c6e607c4080706a723a18a27aeea778392\windows-amd64\native-platform-file-events.dll
0x00007ffeea030000 - 0x00007ffeea039000 	C:\Program Files\Java\jdk-17.0.2\bin\management.dll
0x00007ffeea000000 - 0x00007ffeea00b000 	C:\Program Files\Java\jdk-17.0.2\bin\management_ext.dll
0x00007ffef9830000 - 0x00007ffef984b000 	C:\WINDOWS\SYSTEM32\CRYPTSP.dll
0x00007ffef9090000 - 0x00007ffef90c5000 	C:\WINDOWS\system32\rsaenh.dll
0x00007ffef96d0000 - 0x00007ffef96fc000 	C:\WINDOWS\SYSTEM32\USERENV.dll
0x00007ffef9850000 - 0x00007ffef985c000 	C:\WINDOWS\SYSTEM32\CRYPTBASE.dll
0x00007ffef8bd0000 - 0x00007ffef8bfd000 	C:\WINDOWS\SYSTEM32\IPHLPAPI.DLL
0x00007ffefac40000 - 0x00007ffefac49000 	C:\WINDOWS\System32\NSI.dll
0x00007ffef1ca0000 - 0x00007ffef1cb9000 	C:\WINDOWS\SYSTEM32\dhcpcsvc6.DLL
0x00007ffef10b0000 - 0x00007ffef10cf000 	C:\WINDOWS\SYSTEM32\dhcpcsvc.DLL
0x00007ffef8c00000 - 0x00007ffef8cf9000 	C:\WINDOWS\SYSTEM32\DNSAPI.dll
0x00007ffeea3a0000 - 0x00007ffeea3ae000 	C:\Program Files\Java\jdk-17.0.2\bin\sunmscapi.dll
0x00007ffefa8e0000 - 0x00007ffefaa46000 	C:\WINDOWS\System32\CRYPT32.dll
0x00007ffef9a60000 - 0x00007ffef9a8e000 	C:\WINDOWS\SYSTEM32\ncrypt.dll
0x00007ffef99b0000 - 0x00007ffef99e7000 	C:\WINDOWS\SYSTEM32\NTASN1.dll
0x00007ffe96030000 - 0x00007ffe96038000 	C:\WINDOWS\system32\wshunix.dll
0x00007ffed72c0000 - 0x00007ffed72d7000 	C:\WINDOWS\system32\napinsp.dll
0x00007ffed6a00000 - 0x00007ffed6a1b000 	C:\WINDOWS\system32\pnrpnsp.dll
0x00007ffed6940000 - 0x00007ffed6951000 	C:\WINDOWS\System32\winrnr.dll
0x00007ffeefd90000 - 0x00007ffeefda5000 	C:\WINDOWS\system32\wshbth.dll
0x00007ffed6910000 - 0x00007ffed6931000 	C:\WINDOWS\system32\nlansp_c.dll
0x00007ffef1c80000 - 0x00007ffef1c8a000 	C:\Windows\System32\rasadhlp.dll
0x00007ffeefac0000 - 0x00007ffeefb43000 	C:\WINDOWS\System32\fwpuclnt.dll
0x00007ffef5050000 - 0x00007ffef5057000 	C:\Program Files\Java\jdk-17.0.2\bin\rmi.dll
0x00007ffef9150000 - 0x00007ffef9184000 	C:\WINDOWS\SYSTEM32\ntmarta.dll

dbghelp: loaded successfully - version: 4.0.5 - missing functions: none
symbol engine: initialized successfully - sym options: 0x614 - pdb path: .;C:\Program Files\Java\jdk-17.0.2\bin;C:\WINDOWS\SYSTEM32;C:\WINDOWS\WinSxS\amd64_microsoft.windows.common-controls_6595b64144ccf1df_6.0.22621.2506_none_270c5ae97388e100;C:\Program Files\Java\jdk-17.0.2\bin\server;C:\Users\risha\.gradle\native\68d5fa5c4cc2d200863cafc0d521ce42e7d3e7ee720ec0a83991735586a16f82\windows-amd64;C:\Users\risha\.gradle\native\e376f236ea51e6404a007f0833ffe2c6e607c4080706a723a18a27aeea778392\windows-amd64

VM Arguments:
jvm_args: -XX:MaxMetaspaceSize=512m --add-opens=java.base/java.util=ALL-UNNAMED --add-opens=java.base/java.lang=ALL-UNNAMED --add-opens=java.base/java.lang.invoke=ALL-UNNAMED --add-opens=java.prefs/java.util.prefs=ALL-UNNAMED --add-opens=java.base/java.nio.charset=ALL-UNNAMED --add-opens=java.base/java.net=ALL-UNNAMED --add-opens=java.base/java.util.concurrent.atomic=ALL-UNNAMED -Xmx2048m -Dfile.encoding=windows-1252 -Duser.country=US -Duser.language=en -Duser.variant -javaagent:C:\Users\risha\.gradle\wrapper\dists\gradle-8.3-all\6en3ugtfdg5xnpx44z4qbwgas\gradle-8.3\lib\agents\gradle-instrumentation-agent-8.3.jar 
java_command: org.gradle.launcher.daemon.bootstrap.GradleDaemon 8.3
java_class_path (initial): C:\Users\risha\.gradle\wrapper\dists\gradle-8.3-all\6en3ugtfdg5xnpx44z4qbwgas\gradle-8.3\lib\gradle-launcher-8.3.jar
Launcher Type: SUN_STANDARD

[Global flags]
     intx CICompilerCount                          = 3                                         {product} {ergonomic}
   size_t CompressedClassSpaceSize                 = 432013312                                 {product} {ergonomic}
     uint ConcGCThreads                            = 1                                         {product} {ergonomic}
     uint G1ConcRefinementThreads                  = 4                                         {product} {ergonomic}
   size_t G1HeapRegionSize                         = 1048576                                   {product} {ergonomic}
    uintx GCDrainStackTargetSize                   = 64                                        {product} {ergonomic}
   size_t InitialHeapSize                          = 65011712                                  {product} {ergonomic}
   size_t MarkStackSize                            = 4194304                                   {product} {ergonomic}
   size_t MaxHeapSize                              = 2147483648                                {product} {command line}
   size_t MaxMetaspaceSize                         = 536870912                                 {product} {command line}
   size_t MaxNewSize                               = 1287651328                                {product} {ergonomic}
   size_t MinHeapDeltaBytes                        = 1048576                                   {product} {ergonomic}
   size_t MinHeapSize                              = 8388608                                   {product} {ergonomic}
    uintx NonNMethodCodeHeapSize                   = 5832780                                {pd product} {ergonomic}
    uintx NonProfiledCodeHeapSize                  = 122912730                              {pd product} {ergonomic}
    uintx ProfiledCodeHeapSize                     = 122912730                              {pd product} {ergonomic}
    uintx ReservedCodeCacheSize                    = 251658240                              {pd product} {ergonomic}
     bool SegmentedCodeCache                       = true                                      {product} {ergonomic}
   size_t SoftMaxHeapSize                          = 2147483648                             {manageable} {ergonomic}
     bool UseCompressedClassPointers               = true                           {product lp64_product} {ergonomic}
     bool UseCompressedOops                        = true                           {product lp64_product} {ergonomic}
     bool UseG1GC                                  = true                                      {product} {ergonomic}
     bool UseLargePagesIndividualAllocation        = false                                  {pd product} {ergonomic}

Logging:
Log output configuration:
 #0: stdout all=warning uptime,level,tags
 #1: stderr all=off uptime,level,tags

Environment Variables:
CLASSPATH=C:\Users\risha\Desktop\app\Awesome01\android\\gradle\wrapper\gradle-wrapper.jar
PATH=C:\Users\risha\Desktop\app\Awesome01\node_modules\.bin;C:\Users\risha\Desktop\app\node_modules\.bin;C:\Users\risha\Desktop\node_modules\.bin;C:\Users\risha\node_modules\.bin;C:\Users\node_modules\.bin;C:\node_modules\.bin;C:\Users\risha\AppData\Roaming\npm\node_modules\npm\node_modules\@npmcli\run-script\lib\node-gyp-bin;C:\Users\risha\Desktop\app\Awesome01\node_modules\.bin;C:\Users\risha\Desktop\app\Awesome01\node_modules\.bin;C:\Users\risha\Desktop\app\node_modules\.bin;C:\Users\risha\Desktop\node_modules\.bin;C:\Users\risha\node_modules\.bin;C:\Users\node_modules\.bin;C:\node_modules\.bin;C:\Users\risha\AppData\Roaming\npm\node_modules\npm\node_modules\@npmcli\run-script\lib\node-gyp-bin;C:\Program Files\Common Files\Oracle\Java\javapath;C:\Python310\Scripts\;C:\Python310\;C:\WINDOWS\system32;C:\WINDOWS;C:\WINDOWS\System32\Wbem;C:\WINDOWS\System32\WindowsPowerShell\v1.0\;C:\WINDOWS\System32\OpenSSH\;C:\Program Files\Git\cmd;C:\ProgramData\chocolatey\bin;C:\Program Files\dotnet\;C:\Program Files\nodejs\;C:\Users\risha\AppData\Local\Android\Sdk;C:\Users\risha\AppData\Local\Android\Sdk\platform-tools;C:\Users\risha\AppData\Local\Android\Sdk\tools\bin;C:\Users\risha\AppData\Local\Android\Sdk\tools;C:\Users\risha\AppData\Local\Android\Sdk\emulator;C:\Users\risha\AppData\Local\Microsoft\WindowsApps;C:\Users\risha\AppData\Local\Programs\Microsoft VS Code\bin;C:\Program Files (x86)\MinGW\bin;C:\Program Files\JetBrains\IntelliJ IDEA Community Edition 2021.3.2\bin;;C:\Program Files\Java\jdk-17.0.2\bin;C:\Users\risha\AppData\Roaming\npm;C:\Users\risha\AppData\Local\Android\Sdk;C:\Users\risha\AppData\Local\Android\Sdk\platform-tools;C:\Users\risha\AppData\Local\Android\Sdk\emulator;C:\Users\risha\AppData\Local\Android\Sdk\tools;C:\Users\risha\AppData\Local\Android\Sdk\tools\bin;;C:\Users\risha\Desktop\app\Awesome01\node_modules\.bin
USERNAME=Rishav
LANG=en_US.UTF-8
OS=Windows_NT
PROCESSOR_IDENTIFIER=Intel64 Family 6 Model 142 Stepping 12, GenuineIntel



---------------  S Y S T E M  ---------------

OS:
 Windows 11 , 64 bit Build 22621 (10.0.22621.2506)
OS uptime: 12 days 21:43 hours
Hyper-V role detected

CPU: total 4 (initial active 4) (2 cores per cpu, 2 threads per core) family 6 model 142 stepping 12 microcode 0xf8, cx8, cmov, fxsr, ht, mmx, 3dnowpref, sse, sse2, sse3, ssse3, sse4.1, sse4.2, popcnt, lzcnt, tsc, tscinvbit, avx, avx2, aes, erms, clmul, bmi1, bmi2, adx, fma, vzeroupper, clflush, clflushopt, hv

Memory: 4k page, system-wide physical 3944M (36M free)
TotalPageFile size 16232M (AvailPageFile size 1M)
current process WorkingSet (physical memory assigned to process): 29M, peak: 231M
current process commit charge ("private bytes"): 580M, peak: 599M

vm_info: Java HotSpot(TM) 64-Bit Server VM (17.0.2+8-LTS-86) for windows-amd64 JRE (17.0.2+8-LTS-86), built on Dec  7 2021 21:51:03 by "mach5one" with MS VC++ 16.8 / 16.9 (VS2019)

END.
